## Module report - date 26/05/2015 17:12:34
## Created by Pcbnew version kicad (2015-01-16 BZR 5376)-product
## Unit = inches, Angle = deg.
##

$BeginDESCRIPTION

$BOARD
unit INCH
upper_left_corner  3.365868  0.922203
lower_right_corner 11.178040  5.486587
$EndBOARD

$MODULE "C19"
reference "C19"
value "100nF"
footprint "BasestationFP:SM0603_Capa"
attribut smd
position  5.111024  4.924803
orientation  90.00
layer component
$SHAPE3D
Na "smd\\capacitors\\C0603.wrl"
Sc 0.5 0.5 0.5
Of 0 0 0.001
Ro 0 0 0
$EndSHAPE3D
$PAD "1"
position -0.030000  0.000000
size  0.025000  0.045000
drill  0.000000
shape_offset  0.000000  0.000000
orientation  0.00
Shape  Circ
Layer  front
$EndPAD
$PAD "2"
position  0.030000  0.000000
size  0.025000  0.045000
drill  0.000000
shape_offset  0.000000  0.000000
orientation  0.00
Shape  Circ
Layer  front
$EndPAD
$EndMODULE  C19

$MODULE "P2"
reference "P2"
value "CONN_1"
footprint "BasestationFP:HOLE_FIX_HAMMOND"
attribut none
position  7.251969  4.847343
orientation  0.00
layer component
$PAD "1"
position  0.000000  0.000000
size  0.255906  0.255906
drill  0.106299
shape_offset  0.000000  0.000000
orientation  0.00
Shape  ???
Layer  both
$EndPAD
$EndMODULE  P2

$MODULE "P3"
reference "P3"
value "CONN_1"
footprint "BasestationFP:HOLE_FIX_HAMMOND"
attribut none
position  7.251969  2.972343
orientation  0.00
layer component
$PAD "1"
position  0.000000  0.000000
size  0.255906  0.255906
drill  0.106299
shape_offset  0.000000  0.000000
orientation  0.00
Shape  ???
Layer  both
$EndPAD
$EndMODULE  P3

$MODULE "P4"
reference "P4"
value "CONN_1"
footprint "BasestationFP:HOLE_FIX_HAMMOND"
attribut none
position  3.751969  2.972343
orientation  0.00
layer component
$PAD "1"
position  0.000000  0.000000
size  0.255906  0.255906
drill  0.106299
shape_offset  0.000000  0.000000
orientation  0.00
Shape  ???
Layer  both
$EndPAD
$EndMODULE  P4

$MODULE "FID1"
reference "FID1"
value "Fiducial"
footprint "BasestationFP:Fiducial"
attribut smd
position  3.996063  4.847343
orientation  0.00
layer component
$PAD "1"
position  0.000000  0.000000
size  0.039370  0.039370
drill  0.000000
shape_offset  0.000000  0.000000
orientation  0.00
Shape  ???
Layer  front
$EndPAD
$EndMODULE  FID1

$MODULE "FID2"
reference "FID2"
value "Fiducial"
footprint "BasestationFP:Fiducial"
attribut smd
position  7.007874  4.847343
orientation  0.00
layer component
$PAD "1"
position  0.000000  0.000000
size  0.039370  0.039370
drill  0.000000
shape_offset  0.000000  0.000000
orientation  0.00
Shape  ???
Layer  front
$EndPAD
$EndMODULE  FID2

$MODULE "FID3"
reference "FID3"
value "Fiducial"
footprint "BasestationFP:Fiducial"
attribut smd
position  3.996063  2.972343
orientation  0.00
layer component
$PAD "1"
position  0.000000  0.000000
size  0.039370  0.039370
drill  0.000000
shape_offset  0.000000  0.000000
orientation  0.00
Shape  ???
Layer  front
$EndPAD
$EndMODULE  FID3

$MODULE "U6"
reference "U6"
value "24AA02E48T-I/OT"
footprint "BasestationFP:SOT-23-5_24AA02E48T"
attribut smd
position  5.214567  4.894094
orientation  270.00
layer component
$PAD "1"
position -0.055118 -0.037402
size  0.023622  0.043307
drill  0.000000
shape_offset  0.000000  0.000000
orientation  -90.00
Shape  Circ
Layer  front
$EndPAD
$PAD "2"
position -0.055118  0.000000
size  0.023622  0.043307
drill  0.000000
shape_offset  0.000000  0.000000
orientation  -90.00
Shape  Circ
Layer  front
$EndPAD
$PAD "3"
position -0.055118  0.037402
size  0.023622  0.043307
drill  0.000000
shape_offset  0.000000  0.000000
orientation  -90.00
Shape  Circ
Layer  front
$EndPAD
$PAD "4"
position  0.055118  0.037402
size  0.023622  0.043307
drill  0.000000
shape_offset  0.000000  0.000000
orientation  -90.00
Shape  Circ
Layer  front
$EndPAD
$PAD "5"
position  0.055118 -0.037402
size  0.023622  0.043307
drill  0.000000
shape_offset  0.000000  0.000000
orientation  -90.00
Shape  Circ
Layer  front
$EndPAD
$EndMODULE  U6

$MODULE "Q1"
reference "Q1"
value "MOS_N"
footprint "BasestationFP:SOT23GDS"
attribut smd
position  5.196850  3.964961
orientation  90.00
layer component
$SHAPE3D
Na "smd/cms_sot23.wrl"
Sc 0.13 0.15 0.15
Of 0 0 0
Ro 0 0 0
$EndSHAPE3D
$PAD "S"
position -0.040000  0.035000
size  0.036000  0.036000
drill  0.000000
shape_offset  0.000000  0.000000
orientation  90.00
Shape  Circ
Layer  front
$EndPAD
$PAD "G"
position -0.040000 -0.035000
size  0.036000  0.036000
drill  0.000000
shape_offset  0.000000  0.000000
orientation  90.00
Shape  Circ
Layer  front
$EndPAD
$PAD "D"
position  0.040000  0.000000
size  0.036000  0.036000
drill  0.000000
shape_offset  0.000000  0.000000
orientation  90.00
Shape  Circ
Layer  front
$EndPAD
$EndMODULE  Q1

$MODULE "U1"
reference "U1"
value "AP7333-33SAG-7"
footprint "BasestationFP:SOT23"
attribut smd
position  4.283465  3.622441
orientation  90.00
layer component
$SHAPE3D
Na "smd\\SOT23_3.wrl"
Sc 0.4 0.4 0.4
Of 0 0 0
Ro 0 0 180
$EndSHAPE3D
$PAD "3"
position  0.043300  0.000000
size  0.031500  0.039400
drill  0.000000
shape_offset  0.000000  0.000000
orientation  -90.00
Shape  Circ
Layer  front
$EndPAD
$PAD "2"
position -0.043300  0.037500
size  0.031500  0.039400
drill  0.000000
shape_offset  0.000000  0.000000
orientation  -90.00
Shape  Circ
Layer  front
$EndPAD
$PAD "1"
position -0.043300 -0.037500
size  0.031500  0.039400
drill  0.000000
shape_offset  0.000000  0.000000
orientation  -90.00
Shape  Circ
Layer  front
$EndPAD
$EndMODULE  U1

$MODULE "C1"
reference "C1"
value "1uF"
footprint "BasestationFP:SM0603_Capa"
attribut smd
position  4.192913  3.638189
orientation  90.00
layer component
$SHAPE3D
Na "smd\\capacitors\\C0603.wrl"
Sc 0.5 0.5 0.5
Of 0 0 0.001
Ro 0 0 0
$EndSHAPE3D
$PAD "1"
position -0.030000  0.000000
size  0.025000  0.045000
drill  0.000000
shape_offset  0.000000  0.000000
orientation  0.00
Shape  Circ
Layer  front
$EndPAD
$PAD "2"
position  0.030000  0.000000
size  0.025000  0.045000
drill  0.000000
shape_offset  0.000000  0.000000
orientation  0.00
Shape  Circ
Layer  front
$EndPAD
$EndMODULE  C1

$MODULE "C2"
reference "C2"
value "1uF"
footprint "BasestationFP:SM0603_Capa"
attribut smd
position  4.374016  3.638189
orientation  90.00
layer component
$SHAPE3D
Na "smd\\capacitors\\C0603.wrl"
Sc 0.5 0.5 0.5
Of 0 0 0.001
Ro 0 0 0
$EndSHAPE3D
$PAD "1"
position -0.030000  0.000000
size  0.025000  0.045000
drill  0.000000
shape_offset  0.000000  0.000000
orientation  0.00
Shape  Circ
Layer  front
$EndPAD
$PAD "2"
position  0.030000  0.000000
size  0.025000  0.045000
drill  0.000000
shape_offset  0.000000  0.000000
orientation  0.00
Shape  Circ
Layer  front
$EndPAD
$EndMODULE  C2

$MODULE "C3"
reference "C3"
value "100nF"
footprint "BasestationFP:SM0603_Capa"
attribut smd
position  4.503937  4.279921
orientation  0.00
layer component
$SHAPE3D
Na "smd\\capacitors\\C0603.wrl"
Sc 0.5 0.5 0.5
Of 0 0 0.001
Ro 0 0 0
$EndSHAPE3D
$PAD "1"
position -0.030000  0.000000
size  0.025000  0.045000
drill  0.000000
shape_offset  0.000000  0.000000
orientation  0.00
Shape  Circ
Layer  front
$EndPAD
$PAD "2"
position  0.030000  0.000000
size  0.025000  0.045000
drill  0.000000
shape_offset  0.000000  0.000000
orientation  0.00
Shape  Circ
Layer  front
$EndPAD
$EndMODULE  C3

$MODULE "C4"
reference "C4"
value "100nF"
footprint "BasestationFP:SM0603_Capa"
attribut smd
position  4.937008  4.142126
orientation  270.00
layer component
$SHAPE3D
Na "smd\\capacitors\\C0603.wrl"
Sc 0.5 0.5 0.5
Of 0 0 0.001
Ro 0 0 0
$EndSHAPE3D
$PAD "1"
position -0.030000  0.000000
size  0.025000  0.045000
drill  0.000000
shape_offset  0.000000  0.000000
orientation  0.00
Shape  Circ
Layer  front
$EndPAD
$PAD "2"
position  0.030000  0.000000
size  0.025000  0.045000
drill  0.000000
shape_offset  0.000000  0.000000
orientation  0.00
Shape  Circ
Layer  front
$EndPAD
$EndMODULE  C4

$MODULE "C5"
reference "C5"
value "100nF"
footprint "BasestationFP:SM0603_Capa"
attribut smd
position  4.755906  3.638189
orientation  90.00
layer component
$SHAPE3D
Na "smd\\capacitors\\C0603.wrl"
Sc 0.5 0.5 0.5
Of 0 0 0.001
Ro 0 0 0
$EndSHAPE3D
$PAD "1"
position -0.030000  0.000000
size  0.025000  0.045000
drill  0.000000
shape_offset  0.000000  0.000000
orientation  0.00
Shape  Circ
Layer  front
$EndPAD
$PAD "2"
position  0.030000  0.000000
size  0.025000  0.045000
drill  0.000000
shape_offset  0.000000  0.000000
orientation  0.00
Shape  Circ
Layer  front
$EndPAD
$EndMODULE  C5

$MODULE "C6"
reference "C6"
value "100nF"
footprint "BasestationFP:SM0603_Capa"
attribut smd
position  4.433071  3.638189
orientation  90.00
layer component
$SHAPE3D
Na "smd\\capacitors\\C0603.wrl"
Sc 0.5 0.5 0.5
Of 0 0 0.001
Ro 0 0 0
$EndSHAPE3D
$PAD "1"
position -0.030000  0.000000
size  0.025000  0.045000
drill  0.000000
shape_offset  0.000000  0.000000
orientation  0.00
Shape  Circ
Layer  front
$EndPAD
$PAD "2"
position  0.030000  0.000000
size  0.025000  0.045000
drill  0.000000
shape_offset  0.000000  0.000000
orientation  0.00
Shape  Circ
Layer  front
$EndPAD
$EndMODULE  C6

$MODULE "C7"
reference "C7"
value "1uF"
footprint "BasestationFP:SM0603_Capa"
attribut smd
position  4.181102  4.008268
orientation  180.00
layer component
$SHAPE3D
Na "smd\\capacitors\\C0603.wrl"
Sc 0.5 0.5 0.5
Of 0 0 0.001
Ro 0 0 0
$EndSHAPE3D
$PAD "1"
position -0.030000  0.000000
size  0.025000  0.045000
drill  0.000000
shape_offset  0.000000  0.000000
orientation  0.00
Shape  Circ
Layer  front
$EndPAD
$PAD "2"
position  0.030000  0.000000
size  0.025000  0.045000
drill  0.000000
shape_offset  0.000000  0.000000
orientation  0.00
Shape  Circ
Layer  front
$EndPAD
$EndMODULE  C7

$MODULE "C8"
reference "C8"
value "100nF"
footprint "BasestationFP:SM0603_Capa"
attribut smd
position  4.492126  3.638189
orientation  90.00
layer component
$SHAPE3D
Na "smd\\capacitors\\C0603.wrl"
Sc 0.5 0.5 0.5
Of 0 0 0.001
Ro 0 0 0
$EndSHAPE3D
$PAD "1"
position -0.030000  0.000000
size  0.025000  0.045000
drill  0.000000
shape_offset  0.000000  0.000000
orientation  0.00
Shape  Circ
Layer  front
$EndPAD
$PAD "2"
position  0.030000  0.000000
size  0.025000  0.045000
drill  0.000000
shape_offset  0.000000  0.000000
orientation  0.00
Shape  Circ
Layer  front
$EndPAD
$EndMODULE  C8

$MODULE "C9"
reference "C9"
value "18pF"
footprint "BasestationFP:SM0603_Capa"
attribut smd
position  4.641732  4.531890
orientation  0.00
layer component
$SHAPE3D
Na "smd\\capacitors\\C0603.wrl"
Sc 0.5 0.5 0.5
Of 0 0 0.001
Ro 0 0 0
$EndSHAPE3D
$PAD "1"
position -0.030000  0.000000
size  0.025000  0.045000
drill  0.000000
shape_offset  0.000000  0.000000
orientation  0.00
Shape  Circ
Layer  front
$EndPAD
$PAD "2"
position  0.030000  0.000000
size  0.025000  0.045000
drill  0.000000
shape_offset  0.000000  0.000000
orientation  0.00
Shape  Circ
Layer  front
$EndPAD
$EndMODULE  C9

$MODULE "C10"
reference "C10"
value "18pF"
footprint "BasestationFP:SM0603_Capa"
attribut smd
position  4.767717  4.531890
orientation  180.00
layer component
$SHAPE3D
Na "smd\\capacitors\\C0603.wrl"
Sc 0.5 0.5 0.5
Of 0 0 0.001
Ro 0 0 0
$EndSHAPE3D
$PAD "1"
position -0.030000  0.000000
size  0.025000  0.045000
drill  0.000000
shape_offset  0.000000  0.000000
orientation  0.00
Shape  Circ
Layer  front
$EndPAD
$PAD "2"
position  0.030000  0.000000
size  0.025000  0.045000
drill  0.000000
shape_offset  0.000000  0.000000
orientation  0.00
Shape  Circ
Layer  front
$EndPAD
$EndMODULE  C10

$MODULE "C11"
reference "C11"
value "10uF"
footprint "BasestationFP:SM0603_Capa"
attribut smd
position  6.102362  3.984646
orientation  0.00
layer component
$SHAPE3D
Na "smd\\capacitors\\C0603.wrl"
Sc 0.5 0.5 0.5
Of 0 0 0.001
Ro 0 0 0
$EndSHAPE3D
$PAD "1"
position -0.030000  0.000000
size  0.025000  0.045000
drill  0.000000
shape_offset  0.000000  0.000000
orientation  0.00
Shape  Circ
Layer  front
$EndPAD
$PAD "2"
position  0.030000  0.000000
size  0.025000  0.045000
drill  0.000000
shape_offset  0.000000  0.000000
orientation  0.00
Shape  Circ
Layer  front
$EndPAD
$EndMODULE  C11

$MODULE "C12"
reference "C12"
value "10nF"
footprint "BasestationFP:SM0603_Capa"
attribut smd
position  6.102362  3.929528
orientation  0.00
layer component
$SHAPE3D
Na "smd\\capacitors\\C0603.wrl"
Sc 0.5 0.5 0.5
Of 0 0 0.001
Ro 0 0 0
$EndSHAPE3D
$PAD "1"
position -0.030000  0.000000
size  0.025000  0.045000
drill  0.000000
shape_offset  0.000000  0.000000
orientation  0.00
Shape  Circ
Layer  front
$EndPAD
$PAD "2"
position  0.030000  0.000000
size  0.025000  0.045000
drill  0.000000
shape_offset  0.000000  0.000000
orientation  0.00
Shape  Circ
Layer  front
$EndPAD
$EndMODULE  C12

$MODULE "C13"
reference "C13"
value "1uF"
footprint "BasestationFP:SM0603_Capa"
attribut smd
position  5.710000  4.610000
orientation  90.00
layer component
$SHAPE3D
Na "smd\\capacitors\\C0603.wrl"
Sc 0.5 0.5 0.5
Of 0 0 0.001
Ro 0 0 0
$EndSHAPE3D
$PAD "1"
position -0.030000  0.000000
size  0.025000  0.045000
drill  0.000000
shape_offset  0.000000  0.000000
orientation  0.00
Shape  Circ
Layer  front
$EndPAD
$PAD "2"
position  0.030000  0.000000
size  0.025000  0.045000
drill  0.000000
shape_offset  0.000000  0.000000
orientation  0.00
Shape  Circ
Layer  front
$EndPAD
$EndMODULE  C13

$MODULE "C14"
reference "C14"
value "1uF"
footprint "BasestationFP:SM0603_Capa"
attribut smd
position  5.650000  4.610000
orientation  90.00
layer component
$SHAPE3D
Na "smd\\capacitors\\C0603.wrl"
Sc 0.5 0.5 0.5
Of 0 0 0.001
Ro 0 0 0
$EndSHAPE3D
$PAD "1"
position -0.030000  0.000000
size  0.025000  0.045000
drill  0.000000
shape_offset  0.000000  0.000000
orientation  0.00
Shape  Circ
Layer  front
$EndPAD
$PAD "2"
position  0.030000  0.000000
size  0.025000  0.045000
drill  0.000000
shape_offset  0.000000  0.000000
orientation  0.00
Shape  Circ
Layer  front
$EndPAD
$EndMODULE  C14

$MODULE "C15"
reference "C15"
value "1uF"
footprint "BasestationFP:SM0603_Capa"
attribut smd
position  5.770000  4.610000
orientation  90.00
layer component
$SHAPE3D
Na "smd\\capacitors\\C0603.wrl"
Sc 0.5 0.5 0.5
Of 0 0 0.001
Ro 0 0 0
$EndSHAPE3D
$PAD "1"
position -0.030000  0.000000
size  0.025000  0.045000
drill  0.000000
shape_offset  0.000000  0.000000
orientation  0.00
Shape  Circ
Layer  front
$EndPAD
$PAD "2"
position  0.030000  0.000000
size  0.025000  0.045000
drill  0.000000
shape_offset  0.000000  0.000000
orientation  0.00
Shape  Circ
Layer  front
$EndPAD
$EndMODULE  C15

$MODULE "C16"
reference "C16"
value "1uF"
footprint "BasestationFP:SM0603_Capa"
attribut smd
position  5.590000  4.610000
orientation  90.00
layer component
$SHAPE3D
Na "smd\\capacitors\\C0603.wrl"
Sc 0.5 0.5 0.5
Of 0 0 0.001
Ro 0 0 0
$EndSHAPE3D
$PAD "1"
position -0.030000  0.000000
size  0.025000  0.045000
drill  0.000000
shape_offset  0.000000  0.000000
orientation  0.00
Shape  Circ
Layer  front
$EndPAD
$PAD "2"
position  0.030000  0.000000
size  0.025000  0.045000
drill  0.000000
shape_offset  0.000000  0.000000
orientation  0.00
Shape  Circ
Layer  front
$EndPAD
$EndMODULE  C16

$MODULE "C17"
reference "C17"
value "1uF"
footprint "BasestationFP:SM0603_Capa"
attribut smd
position  5.530000  4.610000
orientation  90.00
layer component
$SHAPE3D
Na "smd\\capacitors\\C0603.wrl"
Sc 0.5 0.5 0.5
Of 0 0 0.001
Ro 0 0 0
$EndSHAPE3D
$PAD "1"
position -0.030000  0.000000
size  0.025000  0.045000
drill  0.000000
shape_offset  0.000000  0.000000
orientation  0.00
Shape  Circ
Layer  front
$EndPAD
$PAD "2"
position  0.030000  0.000000
size  0.025000  0.045000
drill  0.000000
shape_offset  0.000000  0.000000
orientation  0.00
Shape  Circ
Layer  front
$EndPAD
$EndMODULE  C17

$MODULE "C18"
reference "C18"
value "1uF"
footprint "BasestationFP:SM0603_Capa"
attribut smd
position  5.470000  4.610000
orientation  90.00
layer component
$SHAPE3D
Na "smd\\capacitors\\C0603.wrl"
Sc 0.5 0.5 0.5
Of 0 0 0.001
Ro 0 0 0
$EndSHAPE3D
$PAD "1"
position -0.030000  0.000000
size  0.025000  0.045000
drill  0.000000
shape_offset  0.000000  0.000000
orientation  0.00
Shape  Circ
Layer  front
$EndPAD
$PAD "2"
position  0.030000  0.000000
size  0.025000  0.045000
drill  0.000000
shape_offset  0.000000  0.000000
orientation  0.00
Shape  Circ
Layer  front
$EndPAD
$EndMODULE  C18

$MODULE "C21"
reference "C21"
value "10uF"
footprint "BasestationFP:SM0603_Capa"
attribut smd
position  6.232283  3.835039
orientation  0.00
layer component
$SHAPE3D
Na "smd\\capacitors\\C0603.wrl"
Sc 0.5 0.5 0.5
Of 0 0 0.001
Ro 0 0 0
$EndSHAPE3D
$PAD "1"
position -0.030000  0.000000
size  0.025000  0.045000
drill  0.000000
shape_offset  0.000000  0.000000
orientation  0.00
Shape  Circ
Layer  front
$EndPAD
$PAD "2"
position  0.030000  0.000000
size  0.025000  0.045000
drill  0.000000
shape_offset  0.000000  0.000000
orientation  0.00
Shape  Circ
Layer  front
$EndPAD
$EndMODULE  C21

$MODULE "C22"
reference "C22"
value "100nF"
footprint "BasestationFP:SM0603_Capa"
attribut smd
position  6.102362  3.835039
orientation  0.00
layer component
$SHAPE3D
Na "smd\\capacitors\\C0603.wrl"
Sc 0.5 0.5 0.5
Of 0 0 0.001
Ro 0 0 0
$EndSHAPE3D
$PAD "1"
position -0.030000  0.000000
size  0.025000  0.045000
drill  0.000000
shape_offset  0.000000  0.000000
orientation  0.00
Shape  Circ
Layer  front
$EndPAD
$PAD "2"
position  0.030000  0.000000
size  0.025000  0.045000
drill  0.000000
shape_offset  0.000000  0.000000
orientation  0.00
Shape  Circ
Layer  front
$EndPAD
$EndMODULE  C22

$MODULE "C23"
reference "C23"
value "100nF"
footprint "BasestationFP:SM0603_Capa"
attribut smd
position  5.708661  4.138189
orientation  270.00
layer component
$SHAPE3D
Na "smd\\capacitors\\C0603.wrl"
Sc 0.5 0.5 0.5
Of 0 0 0.001
Ro 0 0 0
$EndSHAPE3D
$PAD "1"
position -0.030000  0.000000
size  0.025000  0.045000
drill  0.000000
shape_offset  0.000000  0.000000
orientation  0.00
Shape  Circ
Layer  front
$EndPAD
$PAD "2"
position  0.030000  0.000000
size  0.025000  0.045000
drill  0.000000
shape_offset  0.000000  0.000000
orientation  0.00
Shape  Circ
Layer  front
$EndPAD
$EndMODULE  C23

$MODULE "C24"
reference "C24"
value "10uF"
footprint "BasestationFP:SM0603_Capa"
attribut smd
position  6.181102  4.012205
orientation  90.00
layer component
$SHAPE3D
Na "smd\\capacitors\\C0603.wrl"
Sc 0.5 0.5 0.5
Of 0 0 0.001
Ro 0 0 0
$EndSHAPE3D
$PAD "1"
position -0.030000  0.000000
size  0.025000  0.045000
drill  0.000000
shape_offset  0.000000  0.000000
orientation  0.00
Shape  Circ
Layer  front
$EndPAD
$PAD "2"
position  0.030000  0.000000
size  0.025000  0.045000
drill  0.000000
shape_offset  0.000000  0.000000
orientation  0.00
Shape  Circ
Layer  front
$EndPAD
$EndMODULE  C24

$MODULE "C25"
reference "C25"
value "100nF"
footprint "BasestationFP:SM0603_Capa"
attribut smd
position  6.043307  3.685433
orientation  90.00
layer component
$SHAPE3D
Na "smd\\capacitors\\C0603.wrl"
Sc 0.5 0.5 0.5
Of 0 0 0.001
Ro 0 0 0
$EndSHAPE3D
$PAD "1"
position -0.030000  0.000000
size  0.025000  0.045000
drill  0.000000
shape_offset  0.000000  0.000000
orientation  0.00
Shape  Circ
Layer  front
$EndPAD
$PAD "2"
position  0.030000  0.000000
size  0.025000  0.045000
drill  0.000000
shape_offset  0.000000  0.000000
orientation  0.00
Shape  Circ
Layer  front
$EndPAD
$EndMODULE  C25

$MODULE "C26"
reference "C26"
value "12pF"
footprint "BasestationFP:SM0603_Capa"
attribut smd
position  5.872047  4.177559
orientation  270.00
layer component
$SHAPE3D
Na "smd\\capacitors\\C0603.wrl"
Sc 0.5 0.5 0.5
Of 0 0 0.001
Ro 0 0 0
$EndSHAPE3D
$PAD "1"
position -0.030000  0.000000
size  0.025000  0.045000
drill  0.000000
shape_offset  0.000000  0.000000
orientation  0.00
Shape  Circ
Layer  front
$EndPAD
$PAD "2"
position  0.030000  0.000000
size  0.025000  0.045000
drill  0.000000
shape_offset  0.000000  0.000000
orientation  0.00
Shape  Circ
Layer  front
$EndPAD
$EndMODULE  C26

$MODULE "C27"
reference "C27"
value "12pF"
footprint "BasestationFP:SM0603_Capa"
attribut smd
position  5.791339  4.216929
orientation  0.00
layer component
$SHAPE3D
Na "smd\\capacitors\\C0603.wrl"
Sc 0.5 0.5 0.5
Of 0 0 0.001
Ro 0 0 0
$EndSHAPE3D
$PAD "1"
position -0.030000  0.000000
size  0.025000  0.045000
drill  0.000000
shape_offset  0.000000  0.000000
orientation  0.00
Shape  Circ
Layer  front
$EndPAD
$PAD "2"
position  0.030000  0.000000
size  0.025000  0.045000
drill  0.000000
shape_offset  0.000000  0.000000
orientation  0.00
Shape  Circ
Layer  front
$EndPAD
$EndMODULE  C27

$MODULE "C28"
reference "C28"
value "100nF"
footprint "BasestationFP:SM0603_Capa"
attribut smd
position  5.358268  3.740551
orientation  270.00
layer component
$SHAPE3D
Na "smd\\capacitors\\C0603.wrl"
Sc 0.5 0.5 0.5
Of 0 0 0.001
Ro 0 0 0
$EndSHAPE3D
$PAD "1"
position -0.030000  0.000000
size  0.025000  0.045000
drill  0.000000
shape_offset  0.000000  0.000000
orientation  0.00
Shape  Circ
Layer  front
$EndPAD
$PAD "2"
position  0.030000  0.000000
size  0.025000  0.045000
drill  0.000000
shape_offset  0.000000  0.000000
orientation  0.00
Shape  Circ
Layer  front
$EndPAD
$EndMODULE  C28

$MODULE "C29"
reference "C29"
value "100nF"
footprint "BasestationFP:SM0603_Capa"
attribut smd
position  5.897638  3.543701
orientation  90.00
layer component
$SHAPE3D
Na "smd\\capacitors\\C0603.wrl"
Sc 0.5 0.5 0.5
Of 0 0 0.001
Ro 0 0 0
$EndSHAPE3D
$PAD "1"
position -0.030000  0.000000
size  0.025000  0.045000
drill  0.000000
shape_offset  0.000000  0.000000
orientation  0.00
Shape  Circ
Layer  front
$EndPAD
$PAD "2"
position  0.030000  0.000000
size  0.025000  0.045000
drill  0.000000
shape_offset  0.000000  0.000000
orientation  0.00
Shape  Circ
Layer  front
$EndPAD
$EndMODULE  C29

$MODULE "C30"
reference "C30"
value "100nF"
footprint "BasestationFP:SM0603_Capa"
attribut smd
position  6.240157  4.012205
orientation  90.00
layer component
$SHAPE3D
Na "smd\\capacitors\\C0603.wrl"
Sc 0.5 0.5 0.5
Of 0 0 0.001
Ro 0 0 0
$EndSHAPE3D
$PAD "1"
position -0.030000  0.000000
size  0.025000  0.045000
drill  0.000000
shape_offset  0.000000  0.000000
orientation  0.00
Shape  Circ
Layer  front
$EndPAD
$PAD "2"
position  0.030000  0.000000
size  0.025000  0.045000
drill  0.000000
shape_offset  0.000000  0.000000
orientation  0.00
Shape  Circ
Layer  front
$EndPAD
$EndMODULE  C30

$MODULE "C31"
reference "C31"
value "10uF"
footprint "BasestationFP:SM0603_Capa"
attribut smd
position  6.291339  3.756299
orientation  270.00
layer component
$SHAPE3D
Na "smd\\capacitors\\C0603.wrl"
Sc 0.5 0.5 0.5
Of 0 0 0.001
Ro 0 0 0
$EndSHAPE3D
$PAD "1"
position -0.030000  0.000000
size  0.025000  0.045000
drill  0.000000
shape_offset  0.000000  0.000000
orientation  0.00
Shape  Circ
Layer  front
$EndPAD
$PAD "2"
position  0.030000  0.000000
size  0.025000  0.045000
drill  0.000000
shape_offset  0.000000  0.000000
orientation  0.00
Shape  Circ
Layer  front
$EndPAD
$EndMODULE  C31

$MODULE "C32"
reference "C32"
value "10uF"
footprint "BasestationFP:SM0603_Capa"
attribut smd
position  6.122047  3.709055
orientation  0.00
layer component
$SHAPE3D
Na "smd\\capacitors\\C0603.wrl"
Sc 0.5 0.5 0.5
Of 0 0 0.001
Ro 0 0 0
$EndSHAPE3D
$PAD "1"
position -0.030000  0.000000
size  0.025000  0.045000
drill  0.000000
shape_offset  0.000000  0.000000
orientation  0.00
Shape  Circ
Layer  front
$EndPAD
$PAD "2"
position  0.030000  0.000000
size  0.025000  0.045000
drill  0.000000
shape_offset  0.000000  0.000000
orientation  0.00
Shape  Circ
Layer  front
$EndPAD
$EndMODULE  C32

$MODULE "C33"
reference "C33"
value "100nF"
footprint "BasestationFP:SM0603_Capa"
attribut smd
position  5.996063  3.461024
orientation  0.00
layer component
$SHAPE3D
Na "smd\\capacitors\\C0603.wrl"
Sc 0.5 0.5 0.5
Of 0 0 0.001
Ro 0 0 0
$EndSHAPE3D
$PAD "1"
position -0.030000  0.000000
size  0.025000  0.045000
drill  0.000000
shape_offset  0.000000  0.000000
orientation  0.00
Shape  Circ
Layer  front
$EndPAD
$PAD "2"
position  0.030000  0.000000
size  0.025000  0.045000
drill  0.000000
shape_offset  0.000000  0.000000
orientation  0.00
Shape  Circ
Layer  front
$EndPAD
$EndMODULE  C33

$MODULE "C34"
reference "C34"
value "100nF"
footprint "BasestationFP:SM0603_Capa"
attribut smd
position  6.122047  3.764173
orientation  0.00
layer component
$SHAPE3D
Na "smd\\capacitors\\C0603.wrl"
Sc 0.5 0.5 0.5
Of 0 0 0.001
Ro 0 0 0
$EndSHAPE3D
$PAD "1"
position -0.030000  0.000000
size  0.025000  0.045000
drill  0.000000
shape_offset  0.000000  0.000000
orientation  0.00
Shape  Circ
Layer  front
$EndPAD
$PAD "2"
position  0.030000  0.000000
size  0.025000  0.045000
drill  0.000000
shape_offset  0.000000  0.000000
orientation  0.00
Shape  Circ
Layer  front
$EndPAD
$EndMODULE  C34

$MODULE "C35"
reference "C35"
value "100nF"
footprint "BasestationFP:SM0603_Capa"
attribut smd
position  5.988189  3.685433
orientation  90.00
layer component
$SHAPE3D
Na "smd\\capacitors\\C0603.wrl"
Sc 0.5 0.5 0.5
Of 0 0 0.001
Ro 0 0 0
$EndSHAPE3D
$PAD "1"
position -0.030000  0.000000
size  0.025000  0.045000
drill  0.000000
shape_offset  0.000000  0.000000
orientation  0.00
Shape  Circ
Layer  front
$EndPAD
$PAD "2"
position  0.030000  0.000000
size  0.025000  0.045000
drill  0.000000
shape_offset  0.000000  0.000000
orientation  0.00
Shape  Circ
Layer  front
$EndPAD
$EndMODULE  C35

$MODULE "C36"
reference "C36"
value "1uF"
footprint "BasestationFP:SM0603_Capa"
attribut smd
position  5.996063  3.516142
orientation  0.00
layer component
$SHAPE3D
Na "smd\\capacitors\\C0603.wrl"
Sc 0.5 0.5 0.5
Of 0 0 0.001
Ro 0 0 0
$EndSHAPE3D
$PAD "1"
position -0.030000  0.000000
size  0.025000  0.045000
drill  0.000000
shape_offset  0.000000  0.000000
orientation  0.00
Shape  Circ
Layer  front
$EndPAD
$PAD "2"
position  0.030000  0.000000
size  0.025000  0.045000
drill  0.000000
shape_offset  0.000000  0.000000
orientation  0.00
Shape  Circ
Layer  front
$EndPAD
$EndMODULE  C36

$MODULE "C37"
reference "C37"
value "100nF"
footprint "BasestationFP:SM0603_Capa"
attribut smd
position  5.614173  3.500394
orientation  180.00
layer component
$SHAPE3D
Na "smd\\capacitors\\C0603.wrl"
Sc 0.5 0.5 0.5
Of 0 0 0.001
Ro 0 0 0
$EndSHAPE3D
$PAD "1"
position -0.030000  0.000000
size  0.025000  0.045000
drill  0.000000
shape_offset  0.000000  0.000000
orientation  0.00
Shape  Circ
Layer  front
$EndPAD
$PAD "2"
position  0.030000  0.000000
size  0.025000  0.045000
drill  0.000000
shape_offset  0.000000  0.000000
orientation  0.00
Shape  Circ
Layer  front
$EndPAD
$EndMODULE  C37

$MODULE "C38"
reference "C38"
value "100nF"
footprint "BasestationFP:SM0603_Capa"
attribut smd
position  5.649606  4.138189
orientation  270.00
layer component
$SHAPE3D
Na "smd\\capacitors\\C0603.wrl"
Sc 0.5 0.5 0.5
Of 0 0 0.001
Ro 0 0 0
$EndSHAPE3D
$PAD "1"
position -0.030000  0.000000
size  0.025000  0.045000
drill  0.000000
shape_offset  0.000000  0.000000
orientation  0.00
Shape  Circ
Layer  front
$EndPAD
$PAD "2"
position  0.030000  0.000000
size  0.025000  0.045000
drill  0.000000
shape_offset  0.000000  0.000000
orientation  0.00
Shape  Circ
Layer  front
$EndPAD
$EndMODULE  C38

$MODULE "C39"
reference "C39"
value "1uF"
footprint "BasestationFP:SM0603_Capa"
attribut smd
position  4.122047  3.748425
orientation  90.00
layer component
$SHAPE3D
Na "smd\\capacitors\\C0603.wrl"
Sc 0.5 0.5 0.5
Of 0 0 0.001
Ro 0 0 0
$EndSHAPE3D
$PAD "1"
position -0.030000  0.000000
size  0.025000  0.045000
drill  0.000000
shape_offset  0.000000  0.000000
orientation  0.00
Shape  Circ
Layer  front
$EndPAD
$PAD "2"
position  0.030000  0.000000
size  0.025000  0.045000
drill  0.000000
shape_offset  0.000000  0.000000
orientation  0.00
Shape  Circ
Layer  front
$EndPAD
$EndMODULE  C39

$MODULE "C40"
reference "C40"
value "100nF"
footprint "BasestationFP:SM0603_Capa"
attribut smd
position  5.410000  4.610000
orientation  270.00
layer component
$SHAPE3D
Na "smd\\capacitors\\C0603.wrl"
Sc 0.5 0.5 0.5
Of 0 0 0.001
Ro 0 0 0
$EndSHAPE3D
$PAD "1"
position -0.030000  0.000000
size  0.025000  0.045000
drill  0.000000
shape_offset  0.000000  0.000000
orientation  0.00
Shape  Circ
Layer  front
$EndPAD
$PAD "2"
position  0.030000  0.000000
size  0.025000  0.045000
drill  0.000000
shape_offset  0.000000  0.000000
orientation  0.00
Shape  Circ
Layer  front
$EndPAD
$EndMODULE  C40

$MODULE "C41"
reference "C41"
value "100nF"
footprint "BasestationFP:SM0603_Capa"
attribut smd
position  6.535827  3.568504
orientation  90.00
layer component
$SHAPE3D
Na "smd\\capacitors\\C0603.wrl"
Sc 0.5 0.5 0.5
Of 0 0 0.001
Ro 0 0 0
$EndSHAPE3D
$PAD "1"
position -0.030000  0.000000
size  0.025000  0.045000
drill  0.000000
shape_offset  0.000000  0.000000
orientation  0.00
Shape  Circ
Layer  front
$EndPAD
$PAD "2"
position  0.030000  0.000000
size  0.025000  0.045000
drill  0.000000
shape_offset  0.000000  0.000000
orientation  0.00
Shape  Circ
Layer  front
$EndPAD
$EndMODULE  C41

$MODULE "C42"
reference "C42"
value "100nF"
footprint "BasestationFP:SM0603_Capa"
attribut smd
position  6.147638  4.236614
orientation  180.00
layer component
$SHAPE3D
Na "smd\\capacitors\\C0603.wrl"
Sc 0.5 0.5 0.5
Of 0 0 0.001
Ro 0 0 0
$EndSHAPE3D
$PAD "1"
position -0.030000  0.000000
size  0.025000  0.045000
drill  0.000000
shape_offset  0.000000  0.000000
orientation  0.00
Shape  Circ
Layer  front
$EndPAD
$PAD "2"
position  0.030000  0.000000
size  0.025000  0.045000
drill  0.000000
shape_offset  0.000000  0.000000
orientation  0.00
Shape  Circ
Layer  front
$EndPAD
$EndMODULE  C42

$MODULE "CON1"
reference "CON1"
value "USB-MICRO-B"
footprint "BasestationFP:con_microusb_10103594"
attribut none
position  3.591680  3.911400
orientation  270.00
layer component
$PAD "1"
position -0.051181 -0.111220
size  0.015748  0.068898
drill  0.000000
shape_offset  0.000000  0.000000
orientation  0.00
Shape  Circ
Layer  front
$EndPAD
$PAD "2"
position -0.025591 -0.111220
size  0.015748  0.068898
drill  0.000000
shape_offset  0.000000  0.000000
orientation  0.00
Shape  Circ
Layer  front
$EndPAD
$PAD "3"
position  0.000000 -0.111220
size  0.015748  0.068898
drill  0.000000
shape_offset  0.000000  0.000000
orientation  0.00
Shape  Circ
Layer  front
$EndPAD
$PAD "4"
position  0.025591 -0.111220
size  0.015748  0.068898
drill  0.000000
shape_offset  0.000000  0.000000
orientation  0.00
Shape  Circ
Layer  front
$EndPAD
$PAD "5"
position  0.051181 -0.111220
size  0.015748  0.068898
drill  0.000000
shape_offset  0.000000  0.000000
orientation  0.00
Shape  Circ
Layer  front
$EndPAD
$PAD "6"
position -0.095472 -0.119291
size  0.078740  0.057480
drill  0.029528
shape_offset -0.018701  0.000000
orientation  0.00
Shape  Circ
Layer  both
$EndPAD
$PAD "7"
position  0.095472 -0.119291
size  0.078740  0.057480
drill  0.029528
shape_offset -0.018701  0.000000
orientation  -180.00
Shape  Circ
Layer  both
$EndPAD
$PAD "8"
position -0.107283  0.000000
size  0.051181  0.124016
drill  0.031496
shape_offset  0.000000 -0.018701
orientation  0.00
Shape  Circ
Layer  both
$EndPAD
$PAD "9"
position  0.107283  0.000000
size  0.051181  0.124016
drill  0.031496
shape_offset  0.000000 -0.018701
orientation  0.00
Shape  Circ
Layer  both
$EndPAD
$PAD "10"
position -0.037894  0.019685
size  0.056102  0.098425
drill  0.000000
shape_offset  0.000000  0.000000
orientation  0.00
Shape  Circ
Layer  front
$EndPAD
$PAD "11"
position  0.037894  0.019685
size  0.056102  0.098425
drill  0.000000
shape_offset  0.000000  0.000000
orientation  0.00
Shape  Circ
Layer  front
$EndPAD
$EndMODULE  CON1

$MODULE "CON2"
reference "CON2"
value "AVR-ISP-6"
footprint "BasestationFP:pin_array_3x2"
attribut none
position  3.697990  4.349990
orientation  270.00
layer component
$SHAPE3D
Na "pin_array/pins_array_3x2.wrl"
Sc 1 1 1
Of 0 0 0
Ro 0 0 0
$EndSHAPE3D
$PAD "1"
position -0.100000  0.050000
size  0.060000  0.060000
drill  0.040000
shape_offset  0.000000  0.000000
orientation  0.00
Shape  Circ
Layer  both
$EndPAD
$PAD "2"
position -0.100000 -0.050000
size  0.060000  0.060000
drill  0.040000
shape_offset  0.000000  0.000000
orientation  0.00
Shape  ???
Layer  both
$EndPAD
$PAD "3"
position  0.000000  0.050000
size  0.060000  0.060000
drill  0.040000
shape_offset  0.000000  0.000000
orientation  0.00
Shape  ???
Layer  both
$EndPAD
$PAD "4"
position  0.000000 -0.050000
size  0.060000  0.060000
drill  0.040000
shape_offset  0.000000  0.000000
orientation  0.00
Shape  ???
Layer  both
$EndPAD
$PAD "5"
position  0.100000  0.050000
size  0.060000  0.060000
drill  0.040000
shape_offset  0.000000  0.000000
orientation  0.00
Shape  ???
Layer  both
$EndPAD
$PAD "6"
position  0.100000 -0.050000
size  0.060000  0.060000
drill  0.040000
shape_offset  0.000000  0.000000
orientation  0.00
Shape  ???
Layer  both
$EndPAD
$EndMODULE  CON2

$MODULE "FB1"
reference "FB1"
value "FERRITE"
footprint "BasestationFP:SM0603"
attribut smd
position  6.102362  4.039764
orientation  180.00
layer component
$SHAPE3D
Na "smd\\resistors\\R0603.wrl"
Sc 0.5 0.5 0.5
Of 0 0 0.001
Ro 0 0 0
$EndSHAPE3D
$PAD "1"
position -0.030000  0.000000
size  0.025000  0.045000
drill  0.000000
shape_offset  0.000000  0.000000
orientation  0.00
Shape  Circ
Layer  front
$EndPAD
$PAD "2"
position  0.030000  0.000000
size  0.025000  0.045000
drill  0.000000
shape_offset  0.000000  0.000000
orientation  0.00
Shape  Circ
Layer  front
$EndPAD
$EndMODULE  FB1

$MODULE "FB2"
reference "FB2"
value "FERRITE"
footprint "BasestationFP:SM0603"
attribut smd
position  6.232283  3.756299
orientation  270.00
layer component
$SHAPE3D
Na "smd\\resistors\\R0603.wrl"
Sc 0.5 0.5 0.5
Of 0 0 0.001
Ro 0 0 0
$EndSHAPE3D
$PAD "1"
position -0.030000  0.000000
size  0.025000  0.045000
drill  0.000000
shape_offset  0.000000  0.000000
orientation  0.00
Shape  Circ
Layer  front
$EndPAD
$PAD "2"
position  0.030000  0.000000
size  0.025000  0.045000
drill  0.000000
shape_offset  0.000000  0.000000
orientation  0.00
Shape  Circ
Layer  front
$EndPAD
$EndMODULE  FB2

$MODULE "FB3"
reference "FB3"
value "FERRITE"
footprint "BasestationFP:SM0603"
attribut smd
position  4.181102  3.827165
orientation  0.00
layer component
$SHAPE3D
Na "smd\\resistors\\R0603.wrl"
Sc 0.5 0.5 0.5
Of 0 0 0.001
Ro 0 0 0
$EndSHAPE3D
$PAD "1"
position -0.030000  0.000000
size  0.025000  0.045000
drill  0.000000
shape_offset  0.000000  0.000000
orientation  0.00
Shape  Circ
Layer  front
$EndPAD
$PAD "2"
position  0.030000  0.000000
size  0.025000  0.045000
drill  0.000000
shape_offset  0.000000  0.000000
orientation  0.00
Shape  Circ
Layer  front
$EndPAD
$EndMODULE  FB3

$MODULE "J1"
reference "J1"
value "RJ45-CON"
footprint "BasestationFP:CON_RJ45_TRANSFO"
attribut none
position  7.244094  3.907400
orientation  90.00
layer component
$PAD "Hole"
position  0.225000  0.000000
size  0.157480  0.157480
drill  0.127953
shape_offset  0.000000  0.000000
orientation  0.00
Shape  ???
Layer  both
$EndPAD
$PAD "Hole"
position -0.225000  0.000000
size  0.157480  0.157480
drill  0.127953
shape_offset  0.000000  0.000000
orientation  0.00
Shape  ???
Layer  both
$EndPAD
$PAD "R1"
position -0.175000 -0.250000
size  0.060000  0.060000
drill  0.035433
shape_offset  0.000000  0.000000
orientation  0.00
Shape  ???
Layer  both
$EndPAD
$PAD "R2"
position -0.125000 -0.350000
size  0.060000  0.060000
drill  0.035433
shape_offset  0.000000  0.000000
orientation  0.00
Shape  ???
Layer  both
$EndPAD
$PAD "R3"
position -0.075000 -0.250000
size  0.060000  0.060000
drill  0.035433
shape_offset  0.000000  0.000000
orientation  0.00
Shape  ???
Layer  both
$EndPAD
$PAD "R4"
position -0.025000 -0.350000
size  0.060000  0.060000
drill  0.035433
shape_offset  0.000000  0.000000
orientation  0.00
Shape  ???
Layer  both
$EndPAD
$PAD "R5"
position  0.025000 -0.250000
size  0.060000  0.060000
drill  0.035433
shape_offset  0.000000  0.000000
orientation  0.00
Shape  ???
Layer  both
$EndPAD
$PAD "R6"
position  0.075000 -0.350000
size  0.060000  0.060000
drill  0.035433
shape_offset  0.000000  0.000000
orientation  0.00
Shape  ???
Layer  both
$EndPAD
$PAD "R7"
position  0.125000 -0.250000
size  0.060000  0.060000
drill  0.035433
shape_offset  0.000000  0.000000
orientation  0.00
Shape  ???
Layer  both
$EndPAD
$PAD "2"
position  0.306102 -0.120079
size  0.098425  0.098425
drill  0.059055
shape_offset  0.000000  0.000000
orientation  0.00
Shape  ???
Layer  both
$EndPAD
$PAD "1"
position -0.306102 -0.120079
size  0.098425  0.098425
drill  0.059055
shape_offset  0.000000  0.000000
orientation  0.00
Shape  ???
Layer  both
$EndPAD
$PAD "R8"
position  0.175000 -0.350000
size  0.060000  0.060000
drill  0.035433
shape_offset  0.000000  0.000000
orientation  0.00
Shape  ???
Layer  both
$EndPAD
$PAD "L1"
position  0.249016  0.133071
size  0.066929  0.066929
drill  0.035433
shape_offset  0.000000  0.000000
orientation  0.00
Shape  ???
Layer  both
$EndPAD
$PAD "L2"
position  0.149016  0.192913
size  0.066929  0.066929
drill  0.035433
shape_offset  0.000000  0.000000
orientation  0.00
Shape  ???
Layer  both
$EndPAD
$PAD "L3"
position -0.149016  0.133071
size  0.066929  0.066929
drill  0.035433
shape_offset  0.000000  0.000000
orientation  0.00
Shape  ???
Layer  both
$EndPAD
$PAD "L4"
position -0.249016  0.192913
size  0.066929  0.066929
drill  0.035433
shape_offset  0.000000  0.000000
orientation  0.00
Shape  ???
Layer  both
$EndPAD
$EndMODULE  J1

$MODULE "P1"
reference "P1"
value "CONN_1"
footprint "BasestationFP:HOLE_FIX_HAMMOND"
attribut none
position  3.751969  4.847343
orientation  0.00
layer component
$PAD "1"
position  0.000000  0.000000
size  0.255906  0.255906
drill  0.106299
shape_offset  0.000000  0.000000
orientation  0.00
Shape  ???
Layer  both
$EndPAD
$EndMODULE  P1

$MODULE "R1"
reference "R1"
value "22"
footprint "BasestationFP:SM0603_Resistor"
attribut smd
position  4.181102  3.886220
orientation  0.00
layer component
$SHAPE3D
Na "smd\\resistors\\R0603.wrl"
Sc 0.5 0.5 0.5
Of 0 0 0.001
Ro 0 0 0
$EndSHAPE3D
$PAD "1"
position -0.030000  0.000000
size  0.025000  0.045000
drill  0.000000
shape_offset  0.000000  0.000000
orientation  0.00
Shape  Circ
Layer  front
$EndPAD
$PAD "2"
position  0.030000  0.000000
size  0.025000  0.045000
drill  0.000000
shape_offset  0.000000  0.000000
orientation  0.00
Shape  Circ
Layer  front
$EndPAD
$EndMODULE  R1

$MODULE "R2"
reference "R2"
value "22"
footprint "BasestationFP:SM0603_Resistor"
attribut smd
position  4.181102  3.949213
orientation  0.00
layer component
$SHAPE3D
Na "smd\\resistors\\R0603.wrl"
Sc 0.5 0.5 0.5
Of 0 0 0.001
Ro 0 0 0
$EndSHAPE3D
$PAD "1"
position -0.030000  0.000000
size  0.025000  0.045000
drill  0.000000
shape_offset  0.000000  0.000000
orientation  0.00
Shape  Circ
Layer  front
$EndPAD
$PAD "2"
position  0.030000  0.000000
size  0.025000  0.045000
drill  0.000000
shape_offset  0.000000  0.000000
orientation  0.00
Shape  Circ
Layer  front
$EndPAD
$EndMODULE  R2

$MODULE "R3"
reference "R3"
value "10k"
footprint "BasestationFP:SM0603_Resistor"
attribut smd
position  4.350394  4.279921
orientation  0.00
layer component
$SHAPE3D
Na "smd\\resistors\\R0603.wrl"
Sc 0.5 0.5 0.5
Of 0 0 0.001
Ro 0 0 0
$EndSHAPE3D
$PAD "1"
position -0.030000  0.000000
size  0.025000  0.045000
drill  0.000000
shape_offset  0.000000  0.000000
orientation  0.00
Shape  Circ
Layer  front
$EndPAD
$PAD "2"
position  0.030000  0.000000
size  0.025000  0.045000
drill  0.000000
shape_offset  0.000000  0.000000
orientation  0.00
Shape  Circ
Layer  front
$EndPAD
$EndMODULE  R3

$MODULE "R4"
reference "R4"
value "10k"
footprint "BasestationFP:SM0603_Resistor"
attribut smd
position  4.830709  3.697244
orientation  90.00
layer component
$SHAPE3D
Na "smd\\resistors\\R0603.wrl"
Sc 0.5 0.5 0.5
Of 0 0 0.001
Ro 0 0 0
$EndSHAPE3D
$PAD "1"
position -0.030000  0.000000
size  0.025000  0.045000
drill  0.000000
shape_offset  0.000000  0.000000
orientation  0.00
Shape  Circ
Layer  front
$EndPAD
$PAD "2"
position  0.030000  0.000000
size  0.025000  0.045000
drill  0.000000
shape_offset  0.000000  0.000000
orientation  0.00
Shape  Circ
Layer  front
$EndPAD
$EndMODULE  R4

$MODULE "R5"
reference "R5"
value "10k"
footprint "BasestationFP:SM0603_Resistor"
attribut smd
position  5.127165  4.088288
orientation  180.00
layer component
$SHAPE3D
Na "smd\\resistors\\R0603.wrl"
Sc 0.5 0.5 0.5
Of 0 0 0.001
Ro 0 0 0
$EndSHAPE3D
$PAD "1"
position -0.030000  0.000000
size  0.025000  0.045000
drill  0.000000
shape_offset  0.000000  0.000000
orientation  0.00
Shape  Circ
Layer  front
$EndPAD
$PAD "2"
position  0.030000  0.000000
size  0.025000  0.045000
drill  0.000000
shape_offset  0.000000  0.000000
orientation  0.00
Shape  Circ
Layer  front
$EndPAD
$EndMODULE  R5

$MODULE "R6"
reference "R6"
value "10k"
footprint "BasestationFP:SM0603_Resistor"
attribut smd
position  5.830000  4.610000
orientation  90.00
layer component
$SHAPE3D
Na "smd\\resistors\\R0603.wrl"
Sc 0.5 0.5 0.5
Of 0 0 0.001
Ro 0 0 0
$EndSHAPE3D
$PAD "1"
position -0.030000  0.000000
size  0.025000  0.045000
drill  0.000000
shape_offset  0.000000  0.000000
orientation  0.00
Shape  Circ
Layer  front
$EndPAD
$PAD "2"
position  0.030000  0.000000
size  0.025000  0.045000
drill  0.000000
shape_offset  0.000000  0.000000
orientation  0.00
Shape  Circ
Layer  front
$EndPAD
$EndMODULE  R6

$MODULE "R7"
reference "R7"
value "22"
footprint "BasestationFP:SM0603_Resistor"
attribut smd
position  3.935000  4.220000
orientation  0.00
layer component
$SHAPE3D
Na "smd\\resistors\\R0603.wrl"
Sc 0.5 0.5 0.5
Of 0 0 0.001
Ro 0 0 0
$EndSHAPE3D
$PAD "1"
position -0.030000  0.000000
size  0.025000  0.045000
drill  0.000000
shape_offset  0.000000  0.000000
orientation  0.00
Shape  Circ
Layer  front
$EndPAD
$PAD "2"
position  0.030000  0.000000
size  0.025000  0.045000
drill  0.000000
shape_offset  0.000000  0.000000
orientation  0.00
Shape  Circ
Layer  front
$EndPAD
$EndMODULE  R7

$MODULE "R8"
reference "R8"
value "1M"
footprint "BasestationFP:SM0603_Resistor"
attribut smd
position  5.791339  4.157874
orientation  0.00
layer component
$SHAPE3D
Na "smd\\resistors\\R0603.wrl"
Sc 0.5 0.5 0.5
Of 0 0 0.001
Ro 0 0 0
$EndSHAPE3D
$PAD "1"
position -0.030000  0.000000
size  0.025000  0.045000
drill  0.000000
shape_offset  0.000000  0.000000
orientation  0.00
Shape  Circ
Layer  front
$EndPAD
$PAD "2"
position  0.030000  0.000000
size  0.025000  0.045000
drill  0.000000
shape_offset  0.000000  0.000000
orientation  0.00
Shape  Circ
Layer  front
$EndPAD
$EndMODULE  R8

$MODULE "R9"
reference "R9"
value "12k"
footprint "BasestationFP:SM0603_Resistor"
attribut smd
position  6.102362  4.098819
orientation  180.00
layer component
$SHAPE3D
Na "smd\\resistors\\R0603.wrl"
Sc 0.5 0.5 0.5
Of 0 0 0.001
Ro 0 0 0
$EndSHAPE3D
$PAD "1"
position -0.030000  0.000000
size  0.025000  0.045000
drill  0.000000
shape_offset  0.000000  0.000000
orientation  0.00
Shape  Circ
Layer  front
$EndPAD
$PAD "2"
position  0.030000  0.000000
size  0.025000  0.045000
drill  0.000000
shape_offset  0.000000  0.000000
orientation  0.00
Shape  Circ
Layer  front
$EndPAD
$EndMODULE  R9

$MODULE "R10"
reference "R10"
value "10k"
footprint "BasestationFP:SM0603_Resistor"
attribut smd
position  5.358268  3.976772
orientation  270.00
layer component
$SHAPE3D
Na "smd\\resistors\\R0603.wrl"
Sc 0.5 0.5 0.5
Of 0 0 0.001
Ro 0 0 0
$EndSHAPE3D
$PAD "1"
position -0.030000  0.000000
size  0.025000  0.045000
drill  0.000000
shape_offset  0.000000  0.000000
orientation  0.00
Shape  Circ
Layer  front
$EndPAD
$PAD "2"
position  0.030000  0.000000
size  0.025000  0.045000
drill  0.000000
shape_offset  0.000000  0.000000
orientation  0.00
Shape  Circ
Layer  front
$EndPAD
$EndMODULE  R10

$MODULE "R11"
reference "R11"
value "1k"
footprint "BasestationFP:SM0603_Resistor"
attribut smd
position  5.295276  3.976772
orientation  270.00
layer component
$SHAPE3D
Na "smd\\resistors\\R0603.wrl"
Sc 0.5 0.5 0.5
Of 0 0 0.001
Ro 0 0 0
$EndSHAPE3D
$PAD "1"
position -0.030000  0.000000
size  0.025000  0.045000
drill  0.000000
shape_offset  0.000000  0.000000
orientation  0.00
Shape  Circ
Layer  front
$EndPAD
$PAD "2"
position  0.030000  0.000000
size  0.025000  0.045000
drill  0.000000
shape_offset  0.000000  0.000000
orientation  0.00
Shape  Circ
Layer  front
$EndPAD
$EndMODULE  R11

$MODULE "R12"
reference "R12"
value "10k"
footprint "BasestationFP:SM0603_Resistor"
attribut smd
position  6.145669  3.378346
orientation  270.00
layer component
$SHAPE3D
Na "smd\\resistors\\R0603.wrl"
Sc 0.5 0.5 0.5
Of 0 0 0.001
Ro 0 0 0
$EndSHAPE3D
$PAD "1"
position -0.030000  0.000000
size  0.025000  0.045000
drill  0.000000
shape_offset  0.000000  0.000000
orientation  0.00
Shape  Circ
Layer  front
$EndPAD
$PAD "2"
position  0.030000  0.000000
size  0.025000  0.045000
drill  0.000000
shape_offset  0.000000  0.000000
orientation  0.00
Shape  Circ
Layer  front
$EndPAD
$EndMODULE  R12

$MODULE "R13"
reference "R13"
value "1k"
footprint "BasestationFP:SM0603_Resistor"
attribut smd
position  7.345000  3.461016
orientation  90.00
layer component
$SHAPE3D
Na "smd\\resistors\\R0603.wrl"
Sc 0.5 0.5 0.5
Of 0 0 0.001
Ro 0 0 0
$EndSHAPE3D
$PAD "1"
position -0.030000  0.000000
size  0.025000  0.045000
drill  0.000000
shape_offset  0.000000  0.000000
orientation  0.00
Shape  Circ
Layer  front
$EndPAD
$PAD "2"
position  0.030000  0.000000
size  0.025000  0.045000
drill  0.000000
shape_offset  0.000000  0.000000
orientation  0.00
Shape  Circ
Layer  front
$EndPAD
$EndMODULE  R13

$MODULE "R14"
reference "R14"
value "1k"
footprint "BasestationFP:SM0603_Resistor"
attribut smd
position  7.278071  3.461016
orientation  90.00
layer component
$SHAPE3D
Na "smd\\resistors\\R0603.wrl"
Sc 0.5 0.5 0.5
Of 0 0 0.001
Ro 0 0 0
$EndSHAPE3D
$PAD "1"
position -0.030000  0.000000
size  0.025000  0.045000
drill  0.000000
shape_offset  0.000000  0.000000
orientation  0.00
Shape  Circ
Layer  front
$EndPAD
$PAD "2"
position  0.030000  0.000000
size  0.025000  0.045000
drill  0.000000
shape_offset  0.000000  0.000000
orientation  0.00
Shape  Circ
Layer  front
$EndPAD
$EndMODULE  R14

$MODULE "R15"
reference "R15"
value "300"
footprint "BasestationFP:SM0603_Resistor"
attribut smd
position  6.200787  4.098819
orientation  180.00
layer component
$SHAPE3D
Na "smd\\resistors\\R0603.wrl"
Sc 0.5 0.5 0.5
Of 0 0 0.001
Ro 0 0 0
$EndSHAPE3D
$PAD "1"
position -0.030000  0.000000
size  0.025000  0.045000
drill  0.000000
shape_offset  0.000000  0.000000
orientation  0.00
Shape  Circ
Layer  front
$EndPAD
$PAD "2"
position  0.030000  0.000000
size  0.025000  0.045000
drill  0.000000
shape_offset  0.000000  0.000000
orientation  0.00
Shape  Circ
Layer  front
$EndPAD
$EndMODULE  R15

$MODULE "R16"
reference "R16"
value "22"
footprint "BasestationFP:SM0603_Resistor"
attribut smd
position  3.935000  4.155000
orientation  0.00
layer component
$SHAPE3D
Na "smd\\resistors\\R0603.wrl"
Sc 0.5 0.5 0.5
Of 0 0 0.001
Ro 0 0 0
$EndSHAPE3D
$PAD "1"
position -0.030000  0.000000
size  0.025000  0.045000
drill  0.000000
shape_offset  0.000000  0.000000
orientation  0.00
Shape  Circ
Layer  front
$EndPAD
$PAD "2"
position  0.030000  0.000000
size  0.025000  0.045000
drill  0.000000
shape_offset  0.000000  0.000000
orientation  0.00
Shape  Circ
Layer  front
$EndPAD
$EndMODULE  R16

$MODULE "R17"
reference "R17"
value "50"
footprint "BasestationFP:SM0603_Resistor"
attribut smd
position  6.503150  3.686220
orientation  270.00
layer component
$SHAPE3D
Na "smd\\resistors\\R0603.wrl"
Sc 0.5 0.5 0.5
Of 0 0 0.001
Ro 0 0 0
$EndSHAPE3D
$PAD "1"
position -0.030000  0.000000
size  0.025000  0.045000
drill  0.000000
shape_offset  0.000000  0.000000
orientation  0.00
Shape  Circ
Layer  front
$EndPAD
$PAD "2"
position  0.030000  0.000000
size  0.025000  0.045000
drill  0.000000
shape_offset  0.000000  0.000000
orientation  0.00
Shape  Circ
Layer  front
$EndPAD
$EndMODULE  R17

$MODULE "R18"
reference "R18"
value "50"
footprint "BasestationFP:SM0603_Resistor"
attribut smd
position  6.571654  3.736614
orientation  270.00
layer component
$SHAPE3D
Na "smd\\resistors\\R0603.wrl"
Sc 0.5 0.5 0.5
Of 0 0 0.001
Ro 0 0 0
$EndSHAPE3D
$PAD "1"
position -0.030000  0.000000
size  0.025000  0.045000
drill  0.000000
shape_offset  0.000000  0.000000
orientation  0.00
Shape  Circ
Layer  front
$EndPAD
$PAD "2"
position  0.030000  0.000000
size  0.025000  0.045000
drill  0.000000
shape_offset  0.000000  0.000000
orientation  0.00
Shape  Circ
Layer  front
$EndPAD
$EndMODULE  R18

$MODULE "R19"
reference "R19"
value "50"
footprint "BasestationFP:SM0603_Resistor"
attribut smd
position  6.228346  4.214961
orientation  90.00
layer component
$SHAPE3D
Na "smd\\resistors\\R0603.wrl"
Sc 0.5 0.5 0.5
Of 0 0 0.001
Ro 0 0 0
$EndSHAPE3D
$PAD "1"
position -0.030000  0.000000
size  0.025000  0.045000
drill  0.000000
shape_offset  0.000000  0.000000
orientation  0.00
Shape  Circ
Layer  front
$EndPAD
$PAD "2"
position  0.030000  0.000000
size  0.025000  0.045000
drill  0.000000
shape_offset  0.000000  0.000000
orientation  0.00
Shape  Circ
Layer  front
$EndPAD
$EndMODULE  R19

$MODULE "R20"
reference "R20"
value "50"
footprint "BasestationFP:SM0603_Resistor"
attribut smd
position  6.289370  4.193307
orientation  90.00
layer component
$SHAPE3D
Na "smd\\resistors\\R0603.wrl"
Sc 0.5 0.5 0.5
Of 0 0 0.001
Ro 0 0 0
$EndSHAPE3D
$PAD "1"
position -0.030000  0.000000
size  0.025000  0.045000
drill  0.000000
shape_offset  0.000000  0.000000
orientation  0.00
Shape  Circ
Layer  front
$EndPAD
$PAD "2"
position  0.030000  0.000000
size  0.025000  0.045000
drill  0.000000
shape_offset  0.000000  0.000000
orientation  0.00
Shape  Circ
Layer  front
$EndPAD
$EndMODULE  R20

$MODULE "R21"
reference "R21"
value "10k"
footprint "BasestationFP:SM0603_Resistor"
attribut smd
position  5.210000  4.610000
orientation  90.00
layer component
$SHAPE3D
Na "smd\\resistors\\R0603.wrl"
Sc 0.5 0.5 0.5
Of 0 0 0.001
Ro 0 0 0
$EndSHAPE3D
$PAD "1"
position -0.030000  0.000000
size  0.025000  0.045000
drill  0.000000
shape_offset  0.000000  0.000000
orientation  0.00
Shape  Circ
Layer  front
$EndPAD
$PAD "2"
position  0.030000  0.000000
size  0.025000  0.045000
drill  0.000000
shape_offset  0.000000  0.000000
orientation  0.00
Shape  Circ
Layer  front
$EndPAD
$EndMODULE  R21

$MODULE "R22"
reference "R22"
value "10k"
footprint "BasestationFP:SM0603_Resistor"
attribut smd
position  5.270000  4.610000
orientation  90.00
layer component
$SHAPE3D
Na "smd\\resistors\\R0603.wrl"
Sc 0.5 0.5 0.5
Of 0 0 0.001
Ro 0 0 0
$EndSHAPE3D
$PAD "1"
position -0.030000  0.000000
size  0.025000  0.045000
drill  0.000000
shape_offset  0.000000  0.000000
orientation  0.00
Shape  Circ
Layer  front
$EndPAD
$PAD "2"
position  0.030000  0.000000
size  0.025000  0.045000
drill  0.000000
shape_offset  0.000000  0.000000
orientation  0.00
Shape  Circ
Layer  front
$EndPAD
$EndMODULE  R22

$MODULE "SW1"
reference "SW1"
value "SW_PUSH"
footprint "BasestationFP:SWITCH_FSM16JH"
attribut none
position  7.015780  4.611180
orientation  0.00
layer copper
$PAD "1"
position  0.127953  0.088583
size  0.078740  0.078740
drill  0.039370
shape_offset  0.000000  0.000000
orientation  0.00
Shape  ???
Layer  both
$EndPAD
$PAD "2"
position  0.127953 -0.088583
size  0.078740  0.078740
drill  0.039370
shape_offset  0.000000  0.000000
orientation  0.00
Shape  ???
Layer  both
$EndPAD
$PAD "2"
position -0.127953 -0.088583
size  0.078740  0.078740
drill  0.039370
shape_offset  0.000000  0.000000
orientation  0.00
Shape  ???
Layer  both
$EndPAD
$PAD "1"
position -0.127953  0.088583
size  0.078740  0.078740
drill  0.039370
shape_offset  0.000000  0.000000
orientation  0.00
Shape  ???
Layer  both
$EndPAD
$EndMODULE  SW1

$MODULE "U2"
reference "U2"
value "ATMEGA32U4"
footprint "BasestationFP:TQFP44"
attribut smd
position  4.598425  3.980709
orientation  0.00
layer component
$PAD "39"
position  0.000000 -0.225000
size  0.016000  0.060000
drill  0.000000
shape_offset  0.000000  0.000000
orientation  0.00
Shape  Circ
Layer  front
$EndPAD
$PAD "40"
position -0.031500 -0.225000
size  0.016000  0.060000
drill  0.000000
shape_offset  0.000000  0.000000
orientation  0.00
Shape  Circ
Layer  front
$EndPAD
$PAD "41"
position -0.063000 -0.225000
size  0.016000  0.060000
drill  0.000000
shape_offset  0.000000  0.000000
orientation  0.00
Shape  Circ
Layer  front
$EndPAD
$PAD "42"
position -0.094500 -0.225000
size  0.016000  0.060000
drill  0.000000
shape_offset  0.000000  0.000000
orientation  0.00
Shape  Circ
Layer  front
$EndPAD
$PAD "43"
position -0.126000 -0.225000
size  0.016000  0.060000
drill  0.000000
shape_offset  0.000000  0.000000
orientation  0.00
Shape  Circ
Layer  front
$EndPAD
$PAD "44"
position -0.157500 -0.225000
size  0.016000  0.060000
drill  0.000000
shape_offset  0.000000  0.000000
orientation  0.00
Shape  Circ
Layer  front
$EndPAD
$PAD "38"
position  0.031500 -0.225000
size  0.016000  0.060000
drill  0.000000
shape_offset  0.000000  0.000000
orientation  0.00
Shape  Circ
Layer  front
$EndPAD
$PAD "37"
position  0.063000 -0.225000
size  0.016000  0.060000
drill  0.000000
shape_offset  0.000000  0.000000
orientation  0.00
Shape  Circ
Layer  front
$EndPAD
$PAD "36"
position  0.094500 -0.225000
size  0.016000  0.060000
drill  0.000000
shape_offset  0.000000  0.000000
orientation  0.00
Shape  Circ
Layer  front
$EndPAD
$PAD "35"
position  0.126000 -0.225000
size  0.016000  0.060000
drill  0.000000
shape_offset  0.000000  0.000000
orientation  0.00
Shape  Circ
Layer  front
$EndPAD
$PAD "34"
position  0.157500 -0.225000
size  0.016000  0.060000
drill  0.000000
shape_offset  0.000000  0.000000
orientation  0.00
Shape  Circ
Layer  front
$EndPAD
$PAD "17"
position  0.000000  0.225000
size  0.016000  0.060000
drill  0.000000
shape_offset  0.000000  0.000000
orientation  0.00
Shape  Circ
Layer  front
$EndPAD
$PAD "16"
position -0.031500  0.225000
size  0.016000  0.060000
drill  0.000000
shape_offset  0.000000  0.000000
orientation  0.00
Shape  Circ
Layer  front
$EndPAD
$PAD "15"
position -0.063000  0.225000
size  0.016000  0.060000
drill  0.000000
shape_offset  0.000000  0.000000
orientation  0.00
Shape  Circ
Layer  front
$EndPAD
$PAD "14"
position -0.094500  0.225000
size  0.016000  0.060000
drill  0.000000
shape_offset  0.000000  0.000000
orientation  0.00
Shape  Circ
Layer  front
$EndPAD
$PAD "13"
position -0.126000  0.225000
size  0.016000  0.060000
drill  0.000000
shape_offset  0.000000  0.000000
orientation  0.00
Shape  Circ
Layer  front
$EndPAD
$PAD "12"
position -0.157500  0.225000
size  0.016000  0.060000
drill  0.000000
shape_offset  0.000000  0.000000
orientation  0.00
Shape  Circ
Layer  front
$EndPAD
$PAD "18"
position  0.031500  0.225000
size  0.016000  0.060000
drill  0.000000
shape_offset  0.000000  0.000000
orientation  0.00
Shape  Circ
Layer  front
$EndPAD
$PAD "19"
position  0.063000  0.225000
size  0.016000  0.060000
drill  0.000000
shape_offset  0.000000  0.000000
orientation  0.00
Shape  Circ
Layer  front
$EndPAD
$PAD "20"
position  0.094500  0.225000
size  0.016000  0.060000
drill  0.000000
shape_offset  0.000000  0.000000
orientation  0.00
Shape  Circ
Layer  front
$EndPAD
$PAD "21"
position  0.126000  0.225000
size  0.016000  0.060000
drill  0.000000
shape_offset  0.000000  0.000000
orientation  0.00
Shape  Circ
Layer  front
$EndPAD
$PAD "22"
position  0.157500  0.225000
size  0.016000  0.060000
drill  0.000000
shape_offset  0.000000  0.000000
orientation  0.00
Shape  Circ
Layer  front
$EndPAD
$PAD "6"
position -0.225000  0.000000
size  0.060000  0.016000
drill  0.000000
shape_offset  0.000000  0.000000
orientation  0.00
Shape  Circ
Layer  front
$EndPAD
$PAD "28"
position  0.225000  0.000000
size  0.060000  0.016000
drill  0.000000
shape_offset  0.000000  0.000000
orientation  0.00
Shape  Circ
Layer  front
$EndPAD
$PAD "7"
position -0.225000  0.031500
size  0.060000  0.016000
drill  0.000000
shape_offset  0.000000  0.000000
orientation  0.00
Shape  Circ
Layer  front
$EndPAD
$PAD "27"
position  0.225000  0.031500
size  0.060000  0.016000
drill  0.000000
shape_offset  0.000000  0.000000
orientation  0.00
Shape  Circ
Layer  front
$EndPAD
$PAD "26"
position  0.225000  0.063000
size  0.060000  0.016000
drill  0.000000
shape_offset  0.000000  0.000000
orientation  0.00
Shape  Circ
Layer  front
$EndPAD
$PAD "8"
position -0.225000  0.063000
size  0.060000  0.016000
drill  0.000000
shape_offset  0.000000  0.000000
orientation  0.00
Shape  Circ
Layer  front
$EndPAD
$PAD "9"
position -0.225000  0.094500
size  0.060000  0.016000
drill  0.000000
shape_offset  0.000000  0.000000
orientation  0.00
Shape  Circ
Layer  front
$EndPAD
$PAD "25"
position  0.225000  0.094500
size  0.060000  0.016000
drill  0.000000
shape_offset  0.000000  0.000000
orientation  0.00
Shape  Circ
Layer  front
$EndPAD
$PAD "24"
position  0.225000  0.126000
size  0.060000  0.016000
drill  0.000000
shape_offset  0.000000  0.000000
orientation  0.00
Shape  Circ
Layer  front
$EndPAD
$PAD "10"
position -0.225000  0.126000
size  0.060000  0.016000
drill  0.000000
shape_offset  0.000000  0.000000
orientation  0.00
Shape  Circ
Layer  front
$EndPAD
$PAD "11"
position -0.225000  0.157500
size  0.060000  0.016000
drill  0.000000
shape_offset  0.000000  0.000000
orientation  0.00
Shape  Circ
Layer  front
$EndPAD
$PAD "23"
position  0.225000  0.157500
size  0.060000  0.016000
drill  0.000000
shape_offset  0.000000  0.000000
orientation  0.00
Shape  Circ
Layer  front
$EndPAD
$PAD "29"
position  0.225000 -0.031500
size  0.060000  0.016000
drill  0.000000
shape_offset  0.000000  0.000000
orientation  0.00
Shape  Circ
Layer  front
$EndPAD
$PAD "5"
position -0.225000 -0.031500
size  0.060000  0.016000
drill  0.000000
shape_offset  0.000000  0.000000
orientation  0.00
Shape  Circ
Layer  front
$EndPAD
$PAD "4"
position -0.225000 -0.063000
size  0.060000  0.016000
drill  0.000000
shape_offset  0.000000  0.000000
orientation  0.00
Shape  Circ
Layer  front
$EndPAD
$PAD "30"
position  0.225000 -0.063000
size  0.060000  0.016000
drill  0.000000
shape_offset  0.000000  0.000000
orientation  0.00
Shape  Circ
Layer  front
$EndPAD
$PAD "31"
position  0.225000 -0.094500
size  0.060000  0.016000
drill  0.000000
shape_offset  0.000000  0.000000
orientation  0.00
Shape  Circ
Layer  front
$EndPAD
$PAD "3"
position -0.225000 -0.094500
size  0.060000  0.016000
drill  0.000000
shape_offset  0.000000  0.000000
orientation  0.00
Shape  Circ
Layer  front
$EndPAD
$PAD "2"
position -0.225000 -0.126000
size  0.060000  0.016000
drill  0.000000
shape_offset  0.000000  0.000000
orientation  0.00
Shape  Circ
Layer  front
$EndPAD
$PAD "32"
position  0.225000 -0.126000
size  0.060000  0.016000
drill  0.000000
shape_offset  0.000000  0.000000
orientation  0.00
Shape  Circ
Layer  front
$EndPAD
$PAD "33"
position  0.225000 -0.157500
size  0.060000  0.016000
drill  0.000000
shape_offset  0.000000  0.000000
orientation  0.00
Shape  Circ
Layer  front
$EndPAD
$PAD "1"
position -0.225000 -0.157500
size  0.060000  0.016000
drill  0.000000
shape_offset  0.000000  0.000000
orientation  0.00
Shape  Circ
Layer  front
$EndPAD
$EndMODULE  U2

$MODULE "U3"
reference "U3"
value "W5100"
footprint "BasestationFP:LQFP80"
attribut none
position  5.681102  3.803543
orientation  180.00
layer component
$PAD "1"
position -0.236220 -0.149606
size  0.055118  0.009055
drill  0.000000
shape_offset  0.000000  0.000000
orientation  0.00
Shape  Circ
Layer  front
$EndPAD
$PAD "2"
position -0.236220 -0.133858
size  0.055118  0.009055
drill  0.000000
shape_offset  0.000000  0.000000
orientation  0.00
Shape  Circ
Layer  front
$EndPAD
$PAD "3"
position -0.236220 -0.118110
size  0.055118  0.009055
drill  0.000000
shape_offset  0.000000  0.000000
orientation  0.00
Shape  Circ
Layer  front
$EndPAD
$PAD "4"
position -0.236220 -0.102362
size  0.055118  0.009055
drill  0.000000
shape_offset  0.000000  0.000000
orientation  0.00
Shape  Circ
Layer  front
$EndPAD
$PAD "5"
position -0.236220 -0.086614
size  0.055118  0.009055
drill  0.000000
shape_offset  0.000000  0.000000
orientation  0.00
Shape  Circ
Layer  front
$EndPAD
$PAD "6"
position -0.236220 -0.070866
size  0.055118  0.009055
drill  0.000000
shape_offset  0.000000  0.000000
orientation  0.00
Shape  Circ
Layer  front
$EndPAD
$PAD "7"
position -0.236220 -0.055118
size  0.055118  0.009055
drill  0.000000
shape_offset  0.000000  0.000000
orientation  0.00
Shape  Circ
Layer  front
$EndPAD
$PAD "8"
position -0.236220 -0.039370
size  0.055118  0.009055
drill  0.000000
shape_offset  0.000000  0.000000
orientation  0.00
Shape  Circ
Layer  front
$EndPAD
$PAD "9"
position -0.236220 -0.023622
size  0.055118  0.009055
drill  0.000000
shape_offset  0.000000  0.000000
orientation  0.00
Shape  Circ
Layer  front
$EndPAD
$PAD "10"
position -0.236220 -0.007874
size  0.055118  0.009055
drill  0.000000
shape_offset  0.000000  0.000000
orientation  0.00
Shape  Circ
Layer  front
$EndPAD
$PAD "11"
position -0.236220  0.007874
size  0.055118  0.009055
drill  0.000000
shape_offset  0.000000  0.000000
orientation  0.00
Shape  Circ
Layer  front
$EndPAD
$PAD "12"
position -0.236220  0.023622
size  0.055118  0.009055
drill  0.000000
shape_offset  0.000000  0.000000
orientation  0.00
Shape  Circ
Layer  front
$EndPAD
$PAD "13"
position -0.236220  0.039370
size  0.055118  0.009055
drill  0.000000
shape_offset  0.000000  0.000000
orientation  0.00
Shape  Circ
Layer  front
$EndPAD
$PAD "14"
position -0.236220  0.055118
size  0.055118  0.009055
drill  0.000000
shape_offset  0.000000  0.000000
orientation  0.00
Shape  Circ
Layer  front
$EndPAD
$PAD "15"
position -0.236220  0.070866
size  0.055118  0.009055
drill  0.000000
shape_offset  0.000000  0.000000
orientation  0.00
Shape  Circ
Layer  front
$EndPAD
$PAD "16"
position -0.236220  0.086614
size  0.055118  0.009055
drill  0.000000
shape_offset  0.000000  0.000000
orientation  0.00
Shape  Circ
Layer  front
$EndPAD
$PAD "17"
position -0.236220  0.102362
size  0.055118  0.009055
drill  0.000000
shape_offset  0.000000  0.000000
orientation  0.00
Shape  Circ
Layer  front
$EndPAD
$PAD "18"
position -0.236220  0.118110
size  0.055118  0.009055
drill  0.000000
shape_offset  0.000000  0.000000
orientation  0.00
Shape  Circ
Layer  front
$EndPAD
$PAD "19"
position -0.236220  0.133858
size  0.055118  0.009055
drill  0.000000
shape_offset  0.000000  0.000000
orientation  0.00
Shape  Circ
Layer  front
$EndPAD
$PAD "20"
position -0.236220  0.149606
size  0.055118  0.009055
drill  0.000000
shape_offset  0.000000  0.000000
orientation  0.00
Shape  Circ
Layer  front
$EndPAD
$PAD "21"
position -0.149606  0.236220
size  0.055118  0.009055
drill  0.000000
shape_offset  0.000000  0.000000
orientation  90.00
Shape  Circ
Layer  front
$EndPAD
$PAD "22"
position -0.133858  0.236220
size  0.055118  0.009055
drill  0.000000
shape_offset  0.000000  0.000000
orientation  90.00
Shape  Circ
Layer  front
$EndPAD
$PAD "23"
position -0.118110  0.236220
size  0.055118  0.009055
drill  0.000000
shape_offset  0.000000  0.000000
orientation  90.00
Shape  Circ
Layer  front
$EndPAD
$PAD "24"
position -0.102362  0.236220
size  0.055118  0.009055
drill  0.000000
shape_offset  0.000000  0.000000
orientation  90.00
Shape  Circ
Layer  front
$EndPAD
$PAD "25"
position -0.086614  0.236220
size  0.055118  0.009055
drill  0.000000
shape_offset  0.000000  0.000000
orientation  90.00
Shape  Circ
Layer  front
$EndPAD
$PAD "26"
position -0.070866  0.236220
size  0.055118  0.009055
drill  0.000000
shape_offset  0.000000  0.000000
orientation  90.00
Shape  Circ
Layer  front
$EndPAD
$PAD "27"
position -0.055118  0.236220
size  0.055118  0.009055
drill  0.000000
shape_offset  0.000000  0.000000
orientation  90.00
Shape  Circ
Layer  front
$EndPAD
$PAD "28"
position -0.039370  0.236220
size  0.055118  0.009055
drill  0.000000
shape_offset  0.000000  0.000000
orientation  90.00
Shape  Circ
Layer  front
$EndPAD
$PAD "29"
position -0.023622  0.236220
size  0.055118  0.009055
drill  0.000000
shape_offset  0.000000  0.000000
orientation  90.00
Shape  Circ
Layer  front
$EndPAD
$PAD "30"
position -0.007874  0.236220
size  0.055118  0.009055
drill  0.000000
shape_offset  0.000000  0.000000
orientation  90.00
Shape  Circ
Layer  front
$EndPAD
$PAD "31"
position  0.007874  0.236220
size  0.055118  0.009055
drill  0.000000
shape_offset  0.000000  0.000000
orientation  90.00
Shape  Circ
Layer  front
$EndPAD
$PAD "32"
position  0.023622  0.236220
size  0.055118  0.009055
drill  0.000000
shape_offset  0.000000  0.000000
orientation  90.00
Shape  Circ
Layer  front
$EndPAD
$PAD "33"
position  0.039370  0.236220
size  0.055118  0.009055
drill  0.000000
shape_offset  0.000000  0.000000
orientation  90.00
Shape  Circ
Layer  front
$EndPAD
$PAD "34"
position  0.055118  0.236220
size  0.055118  0.009055
drill  0.000000
shape_offset  0.000000  0.000000
orientation  90.00
Shape  Circ
Layer  front
$EndPAD
$PAD "35"
position  0.070866  0.236220
size  0.055118  0.009055
drill  0.000000
shape_offset  0.000000  0.000000
orientation  90.00
Shape  Circ
Layer  front
$EndPAD
$PAD "36"
position  0.086614  0.236220
size  0.055118  0.009055
drill  0.000000
shape_offset  0.000000  0.000000
orientation  90.00
Shape  Circ
Layer  front
$EndPAD
$PAD "37"
position  0.102362  0.236220
size  0.055118  0.009055
drill  0.000000
shape_offset  0.000000  0.000000
orientation  90.00
Shape  Circ
Layer  front
$EndPAD
$PAD "38"
position  0.118110  0.236220
size  0.055118  0.009055
drill  0.000000
shape_offset  0.000000  0.000000
orientation  90.00
Shape  Circ
Layer  front
$EndPAD
$PAD "39"
position  0.133858  0.236220
size  0.055118  0.009055
drill  0.000000
shape_offset  0.000000  0.000000
orientation  90.00
Shape  Circ
Layer  front
$EndPAD
$PAD "40"
position  0.149606  0.236220
size  0.055118  0.009055
drill  0.000000
shape_offset  0.000000  0.000000
orientation  90.00
Shape  Circ
Layer  front
$EndPAD
$PAD "41"
position  0.236220  0.149606
size  0.055118  0.009055
drill  0.000000
shape_offset  0.000000  0.000000
orientation  0.00
Shape  Circ
Layer  front
$EndPAD
$PAD "42"
position  0.236220  0.133858
size  0.055118  0.009055
drill  0.000000
shape_offset  0.000000  0.000000
orientation  0.00
Shape  Circ
Layer  front
$EndPAD
$PAD "43"
position  0.236220  0.118110
size  0.055118  0.009055
drill  0.000000
shape_offset  0.000000  0.000000
orientation  0.00
Shape  Circ
Layer  front
$EndPAD
$PAD "44"
position  0.236220  0.102362
size  0.055118  0.009055
drill  0.000000
shape_offset  0.000000  0.000000
orientation  0.00
Shape  Circ
Layer  front
$EndPAD
$PAD "45"
position  0.236220  0.086614
size  0.055118  0.009055
drill  0.000000
shape_offset  0.000000  0.000000
orientation  0.00
Shape  Circ
Layer  front
$EndPAD
$PAD "46"
position  0.236220  0.070866
size  0.055118  0.009055
drill  0.000000
shape_offset  0.000000  0.000000
orientation  0.00
Shape  Circ
Layer  front
$EndPAD
$PAD "47"
position  0.236220  0.055118
size  0.055118  0.009055
drill  0.000000
shape_offset  0.000000  0.000000
orientation  0.00
Shape  Circ
Layer  front
$EndPAD
$PAD "48"
position  0.236220  0.039370
size  0.055118  0.009055
drill  0.000000
shape_offset  0.000000  0.000000
orientation  0.00
Shape  Circ
Layer  front
$EndPAD
$PAD "49"
position  0.236220  0.023622
size  0.055118  0.009055
drill  0.000000
shape_offset  0.000000  0.000000
orientation  0.00
Shape  Circ
Layer  front
$EndPAD
$PAD "50"
position  0.236220  0.007874
size  0.055118  0.009055
drill  0.000000
shape_offset  0.000000  0.000000
orientation  0.00
Shape  Circ
Layer  front
$EndPAD
$PAD "51"
position  0.236220 -0.007874
size  0.055118  0.009055
drill  0.000000
shape_offset  0.000000  0.000000
orientation  0.00
Shape  Circ
Layer  front
$EndPAD
$PAD "52"
position  0.236220 -0.023622
size  0.055118  0.009055
drill  0.000000
shape_offset  0.000000  0.000000
orientation  0.00
Shape  Circ
Layer  front
$EndPAD
$PAD "53"
position  0.236220 -0.039370
size  0.055118  0.009055
drill  0.000000
shape_offset  0.000000  0.000000
orientation  0.00
Shape  Circ
Layer  front
$EndPAD
$PAD "54"
position  0.236220 -0.055118
size  0.055118  0.009055
drill  0.000000
shape_offset  0.000000  0.000000
orientation  0.00
Shape  Circ
Layer  front
$EndPAD
$PAD "55"
position  0.236220 -0.070866
size  0.055118  0.009055
drill  0.000000
shape_offset  0.000000  0.000000
orientation  0.00
Shape  Circ
Layer  front
$EndPAD
$PAD "56"
position  0.236220 -0.086614
size  0.055118  0.009055
drill  0.000000
shape_offset  0.000000  0.000000
orientation  0.00
Shape  Circ
Layer  front
$EndPAD
$PAD "57"
position  0.236220 -0.102362
size  0.055118  0.009055
drill  0.000000
shape_offset  0.000000  0.000000
orientation  0.00
Shape  Circ
Layer  front
$EndPAD
$PAD "58"
position  0.236220 -0.118110
size  0.055118  0.009055
drill  0.000000
shape_offset  0.000000  0.000000
orientation  0.00
Shape  Circ
Layer  front
$EndPAD
$PAD "59"
position  0.236220 -0.133858
size  0.055118  0.009055
drill  0.000000
shape_offset  0.000000  0.000000
orientation  0.00
Shape  Circ
Layer  front
$EndPAD
$PAD "60"
position  0.236220 -0.149606
size  0.055118  0.009055
drill  0.000000
shape_offset  0.000000  0.000000
orientation  0.00
Shape  Circ
Layer  front
$EndPAD
$PAD "61"
position  0.149606 -0.236220
size  0.055118  0.009055
drill  0.000000
shape_offset  0.000000  0.000000
orientation  90.00
Shape  Circ
Layer  front
$EndPAD
$PAD "62"
position  0.133858 -0.236220
size  0.055118  0.009055
drill  0.000000
shape_offset  0.000000  0.000000
orientation  90.00
Shape  Circ
Layer  front
$EndPAD
$PAD "63"
position  0.118110 -0.236220
size  0.055118  0.009055
drill  0.000000
shape_offset  0.000000  0.000000
orientation  90.00
Shape  Circ
Layer  front
$EndPAD
$PAD "64"
position  0.102362 -0.236220
size  0.055118  0.009055
drill  0.000000
shape_offset  0.000000  0.000000
orientation  90.00
Shape  Circ
Layer  front
$EndPAD
$PAD "65"
position  0.086614 -0.236220
size  0.055118  0.009055
drill  0.000000
shape_offset  0.000000  0.000000
orientation  90.00
Shape  Circ
Layer  front
$EndPAD
$PAD "66"
position  0.070866 -0.236220
size  0.055118  0.009055
drill  0.000000
shape_offset  0.000000  0.000000
orientation  90.00
Shape  Circ
Layer  front
$EndPAD
$PAD "67"
position  0.055118 -0.236220
size  0.055118  0.009055
drill  0.000000
shape_offset  0.000000  0.000000
orientation  90.00
Shape  Circ
Layer  front
$EndPAD
$PAD "68"
position  0.039370 -0.236220
size  0.055118  0.009055
drill  0.000000
shape_offset  0.000000  0.000000
orientation  90.00
Shape  Circ
Layer  front
$EndPAD
$PAD "69"
position  0.023622 -0.236220
size  0.055118  0.009055
drill  0.000000
shape_offset  0.000000  0.000000
orientation  90.00
Shape  Circ
Layer  front
$EndPAD
$PAD "70"
position  0.007874 -0.236220
size  0.055118  0.009055
drill  0.000000
shape_offset  0.000000  0.000000
orientation  90.00
Shape  Circ
Layer  front
$EndPAD
$PAD "71"
position -0.007874 -0.236220
size  0.055118  0.009055
drill  0.000000
shape_offset  0.000000  0.000000
orientation  90.00
Shape  Circ
Layer  front
$EndPAD
$PAD "72"
position -0.023622 -0.236220
size  0.055118  0.009055
drill  0.000000
shape_offset  0.000000  0.000000
orientation  90.00
Shape  Circ
Layer  front
$EndPAD
$PAD "73"
position -0.039370 -0.236220
size  0.055118  0.009055
drill  0.000000
shape_offset  0.000000  0.000000
orientation  90.00
Shape  Circ
Layer  front
$EndPAD
$PAD "74"
position -0.055118 -0.236220
size  0.055118  0.009055
drill  0.000000
shape_offset  0.000000  0.000000
orientation  90.00
Shape  Circ
Layer  front
$EndPAD
$PAD "75"
position -0.070866 -0.236220
size  0.055118  0.009055
drill  0.000000
shape_offset  0.000000  0.000000
orientation  90.00
Shape  Circ
Layer  front
$EndPAD
$PAD "76"
position -0.086614 -0.236220
size  0.055118  0.009055
drill  0.000000
shape_offset  0.000000  0.000000
orientation  90.00
Shape  Circ
Layer  front
$EndPAD
$PAD "77"
position -0.102362 -0.236220
size  0.055118  0.009055
drill  0.000000
shape_offset  0.000000  0.000000
orientation  90.00
Shape  Circ
Layer  front
$EndPAD
$PAD "78"
position -0.118110 -0.236220
size  0.055118  0.009055
drill  0.000000
shape_offset  0.000000  0.000000
orientation  90.00
Shape  Circ
Layer  front
$EndPAD
$PAD "79"
position -0.133858 -0.236220
size  0.055118  0.009055
drill  0.000000
shape_offset  0.000000  0.000000
orientation  90.00
Shape  Circ
Layer  front
$EndPAD
$PAD "80"
position -0.149606 -0.236220
size  0.055118  0.009055
drill  0.000000
shape_offset  0.000000  0.000000
orientation  90.00
Shape  Circ
Layer  front
$EndPAD
$EndMODULE  U3

$MODULE "U4"
reference "U4"
value "RX2004A_BIW"
footprint "BasestationFP:LCD_RX200A-BIW"
attribut none
position  6.846457  3.321260
orientation  180.00
layer copper
$PAD "1"
position  1.044488 -1.389764
size  0.039370  0.039370
drill  0.024000
shape_offset  0.000000  0.000000
orientation  0.00
Shape  ???
Layer  both
$EndPAD
$PAD "A"
position  2.879921 -1.011811
size  0.078740  0.122047
drill  0.039370
shape_offset  0.000000  0.000000
orientation  0.00
Shape  Rect
Layer  both
$EndPAD
$PAD "K"
position  2.879921 -0.421260
size  0.078740  0.122047
drill  0.039370
shape_offset  0.000000  0.000000
orientation  0.00
Shape  Rect
Layer  both
$EndPAD
$PAD "2"
position  1.094488 -1.389764
size  0.039370  0.039370
drill  0.024000
shape_offset  0.000000  0.000000
orientation  0.00
Shape  ???
Layer  both
$EndPAD
$PAD "3"
position  1.144488 -1.389764
size  0.039370  0.039370
drill  0.024000
shape_offset  0.000000  0.000000
orientation  0.00
Shape  ???
Layer  both
$EndPAD
$PAD "4"
position  1.194488 -1.389764
size  0.039370  0.039370
drill  0.024000
shape_offset  0.000000  0.000000
orientation  0.00
Shape  ???
Layer  both
$EndPAD
$PAD "5"
position  1.244488 -1.389764
size  0.039370  0.039370
drill  0.024000
shape_offset  0.000000  0.000000
orientation  0.00
Shape  ???
Layer  both
$EndPAD
$PAD "6"
position  1.294488 -1.389764
size  0.039370  0.039370
drill  0.024000
shape_offset  0.000000  0.000000
orientation  0.00
Shape  ???
Layer  both
$EndPAD
$PAD "7"
position  1.344488 -1.389764
size  0.039370  0.039370
drill  0.024000
shape_offset  0.000000  0.000000
orientation  0.00
Shape  ???
Layer  both
$EndPAD
$PAD "8"
position  1.394488 -1.389764
size  0.039370  0.039370
drill  0.024000
shape_offset  0.000000  0.000000
orientation  0.00
Shape  ???
Layer  both
$EndPAD
$PAD "9"
position  1.444488 -1.389764
size  0.039370  0.039370
drill  0.024000
shape_offset  0.000000  0.000000
orientation  0.00
Shape  ???
Layer  both
$EndPAD
$PAD "10"
position  1.494488 -1.389764
size  0.039370  0.039370
drill  0.024000
shape_offset  0.000000  0.000000
orientation  0.00
Shape  ???
Layer  both
$EndPAD
$PAD "11"
position  1.544488 -1.389764
size  0.039370  0.039370
drill  0.024000
shape_offset  0.000000  0.000000
orientation  0.00
Shape  ???
Layer  both
$EndPAD
$PAD "12"
position  1.594488 -1.389764
size  0.039370  0.039370
drill  0.024000
shape_offset  0.000000  0.000000
orientation  0.00
Shape  ???
Layer  both
$EndPAD
$PAD "13"
position  1.644488 -1.389764
size  0.039370  0.039370
drill  0.024000
shape_offset  0.000000  0.000000
orientation  0.00
Shape  ???
Layer  both
$EndPAD
$EndMODULE  U4

$MODULE "U5"
reference "U5"
value "NRF24L01"
footprint "BasestationFP:NRF24L01"
attribut none
position  6.078600  3.318898
orientation  0.00
layer component
$PAD "1"
position -0.050000 -0.050000
size  0.070866  0.070866
drill  0.039370
shape_offset  0.000000  0.000000
orientation  0.00
Shape  ???
Layer  both
$EndPAD
$PAD "2"
position -0.150000 -0.050000
size  0.070866  0.070866
drill  0.039370
shape_offset  0.000000  0.000000
orientation  0.00
Shape  ???
Layer  both
$EndPAD
$PAD "3"
position -0.050000 -0.150000
size  0.070866  0.070866
drill  0.039370
shape_offset  0.000000  0.000000
orientation  0.00
Shape  ???
Layer  both
$EndPAD
$PAD "4"
position -0.150000 -0.150000
size  0.070866  0.070866
drill  0.039370
shape_offset  0.000000  0.000000
orientation  0.00
Shape  ???
Layer  both
$EndPAD
$PAD "5"
position -0.050000 -0.250000
size  0.070866  0.070866
drill  0.039370
shape_offset  0.000000  0.000000
orientation  0.00
Shape  ???
Layer  both
$EndPAD
$PAD "6"
position -0.150000 -0.250000
size  0.070866  0.070866
drill  0.039370
shape_offset  0.000000  0.000000
orientation  0.00
Shape  ???
Layer  both
$EndPAD
$PAD "7"
position -0.050000 -0.350000
size  0.070866  0.070866
drill  0.039370
shape_offset  0.000000  0.000000
orientation  0.00
Shape  ???
Layer  both
$EndPAD
$PAD "8"
position -0.150000 -0.350000
size  0.070866  0.070866
drill  0.039370
shape_offset  0.000000  0.000000
orientation  0.00
Shape  ???
Layer  both
$EndPAD
$EndMODULE  U5

$MODULE "X1"
reference "X1"
value "8MHz"
footprint "BasestationFP:HC49US"
attribut none
position  4.787402  4.657874
orientation  0.00
layer component
$PAD "1"
position -0.187008  0.000000
size  0.220472  0.086614
drill  0.000000
shape_offset  0.000000  0.000000
orientation  0.00
Shape  Circ
Layer  front
$EndPAD
$PAD "2"
position  0.187008  0.000000
size  0.220472  0.086614
drill  0.000000
shape_offset  0.000000  0.000000
orientation  0.00
Shape  Circ
Layer  front
$EndPAD
$EndMODULE  X1

$MODULE "X2"
reference "X2"
value "25MHz"
footprint "BasestationFP:HC49US"
attribut none
position  5.787402  4.342913
orientation  0.00
layer component
$PAD "1"
position -0.187008  0.000000
size  0.220472  0.086614
drill  0.000000
shape_offset  0.000000  0.000000
orientation  0.00
Shape  Circ
Layer  front
$EndPAD
$PAD "2"
position  0.187008  0.000000
size  0.220472  0.086614
drill  0.000000
shape_offset  0.000000  0.000000
orientation  0.00
Shape  Circ
Layer  front
$EndPAD
$EndMODULE  X2

$MODULE "REF**"
reference "REF**"
value "Symbol_OSHW-Logo_SilkScreen"
footprint "Symbols:Symbol_OSHW-Logo_SilkScreen"
attribut none
position  6.652756  4.547343
orientation  0.00
layer component
$EndMODULE  REF**

$MODULE "G***"
reference "G***"
value "LOGO"
footprint "BasestationFP:LOGO"
attribut none
position  6.307480  4.584745
orientation  0.00
layer component
$EndMODULE  G***

$LINE 
start 3.513771 4.847279
end 3.513771 2.972279
width 0.003937
$EndLINE 
$ARC 
centre 3.712528 4.847279
start 3.911286 4.847279
end 3.712528 5.046036
width 0.003937
$EndARC 
$LINE 
start 7.291392 5.046036
end 3.712528 5.046036
width 0.003937
$EndLINE 
$ARC 
centre 7.291392 4.847279
start 7.291392 4.648521
end 7.490149 4.847279
width 0.003937
$EndARC 
$LINE 
start 7.490149 2.972279
end 7.490149 4.847279
width 0.003937
$EndLINE 
$ARC 
centre 7.291392 2.972279
start 7.092634 2.972279
end 7.291392 2.773521
width 0.003937
$EndARC 
$LINE 
start 3.712528 2.773521
end 7.291392 2.773521
width 0.003937
$EndLINE 
$ARC 
centre 3.712528 2.972279
start 3.712528 3.171036
end 3.513771 2.972279
width 0.003937
$EndARC 
$EndDESCRIPTION
